Using pre-set license
Built from '2021.3/staging' branch; Version is '2021.3.13f1 (9e7d58001ecf) revision 10386776'; Using compiler version '192829333'; Build Type 'Release'
OS: 'Windows 10  (10.0.19044) 64bit Professional' Language: 'en' Physical Memory: 16304 MB
BatchMode: 1, IsHumanControllingUs: 0, StartBugReporterOnCrash: 0, Is64bit: 1, IsPro: 1

COMMAND LINE ARGUMENTS:
C:\Program Files\UnityEditor\2021.3.13f1\Editor\Unity.exe
-adb2
-batchMode
-noUpm
-name
AssetImportWorker0
-projectPath
D:/Projects/care-up/care-up
-logFile
Logs/AssetImportWorker0.log
-srvPort
56786
Successfully changed project path to: D:/Projects/care-up/care-up
D:/Projects/care-up/care-up
[UnityMemory] Configuration Parameters - Can be set up in boot.config
    "memorysetup-bucket-allocator-granularity=16"
    "memorysetup-bucket-allocator-bucket-count=8"
    "memorysetup-bucket-allocator-block-size=33554432"
    "memorysetup-bucket-allocator-block-count=8"
    "memorysetup-main-allocator-block-size=16777216"
    "memorysetup-thread-allocator-block-size=16777216"
    "memorysetup-gfx-main-allocator-block-size=16777216"
    "memorysetup-gfx-thread-allocator-block-size=16777216"
    "memorysetup-cache-allocator-block-size=4194304"
    "memorysetup-typetree-allocator-block-size=2097152"
    "memorysetup-profiler-bucket-allocator-granularity=16"
    "memorysetup-profiler-bucket-allocator-bucket-count=8"
    "memorysetup-profiler-bucket-allocator-block-size=33554432"
    "memorysetup-profiler-bucket-allocator-block-count=8"
    "memorysetup-profiler-allocator-block-size=16777216"
    "memorysetup-profiler-editor-allocator-block-size=1048576"
    "memorysetup-temp-allocator-size-main=16777216"
    "memorysetup-job-temp-allocator-block-size=2097152"
    "memorysetup-job-temp-allocator-block-size-background=1048576"
    "memorysetup-job-temp-allocator-reduction-small-platforms=262144"
    "memorysetup-temp-allocator-size-background-worker=32768"
    "memorysetup-temp-allocator-size-job-worker=262144"
    "memorysetup-temp-allocator-size-preload-manager=33554432"
    "memorysetup-temp-allocator-size-nav-mesh-worker=65536"
    "memorysetup-temp-allocator-size-audio-worker=65536"
    "memorysetup-temp-allocator-size-cloud-worker=32768"
    "memorysetup-temp-allocator-size-gi-baking-worker=262144"
    "memorysetup-temp-allocator-size-gfx=262144"
Refreshing native plugins compatible for Editor in 247.50 ms, found 3 plugins.
Preloading 1 native plugins for Editor in 0.96 ms.
Initialize engine version: 2021.3.13f1 (9e7d58001ecf)
[Subsystems] Discovering subsystems at path C:/Program Files/UnityEditor/2021.3.13f1/Editor/Data/Resources/UnitySubsystems
[Subsystems] Discovering subsystems at path D:/Projects/care-up/care-up/Assets
GfxDevice: creating device client; threaded=0; jobified=0
Direct3D:
    Version:  Direct3D 11.0 [level 11.1]
    Renderer: NVIDIA GeForce GTX 1060 6GB (ID=0x1c03)
    Vendor:   NVIDIA
    VRAM:     6052 MB
    Driver:   30.0.15.1215
Initialize mono
Mono path[0] = 'C:/Program Files/UnityEditor/2021.3.13f1/Editor/Data/Managed'
Mono path[1] = 'C:/Program Files/UnityEditor/2021.3.13f1/Editor/Data/MonoBleedingEdge/lib/mono/unityjit-win32'
Mono config path = 'C:/Program Files/UnityEditor/2021.3.13f1/Editor/Data/MonoBleedingEdge/etc'
Using monoOptions --debugger-agent=transport=dt_socket,embedding=1,server=y,suspend=n,address=127.0.0.1:56752
Begin MonoManager ReloadAssembly
Registering precompiled unity dll's ...
Register platform support module: C:/Program Files/UnityEditor/2021.3.13f1/Editor/Data/PlaybackEngines/WebGLSupport/UnityEditor.WebGL.Extensions.dll
Register platform support module: C:/Program Files/UnityEditor/2021.3.13f1/Editor/Data/PlaybackEngines/AndroidPlayer/UnityEditor.Android.Extensions.dll
Register platform support module: C:/Program Files/UnityEditor/2021.3.13f1/Editor/Data/PlaybackEngines/WindowsStandaloneSupport/UnityEditor.WindowsStandalone.Extensions.dll
Register platform support module: C:/Program Files/UnityEditor/2021.3.13f1/Editor/Data/PlaybackEngines/LinuxStandaloneSupport/UnityEditor.LinuxStandalone.Extensions.dll
Register platform support module: C:/Program Files/UnityEditor/2021.3.13f1/Editor/Data/PlaybackEngines/MetroSupport/UnityEditor.UWP.Extensions.dll
Registered in 0.012737 seconds.
Native extension for UWP target not found
Native extension for LinuxStandalone target not found
Native extension for WindowsStandalone target not found
Native extension for Android target not found
Native extension for WebGL target not found
Refreshing native plugins compatible for Editor in 215.04 ms, found 3 plugins.
Preloading 1 native plugins for Editor in 0.26 ms.
Mono: successfully reloaded assembly
- Completed reload, in  1.007 seconds
Domain Reload Profiling:
	ReloadAssembly (1007ms)
		BeginReloadAssembly (112ms)
			ExecutionOrderSort (0ms)
			DisableScriptedObjects (0ms)
			BackupInstance (0ms)
			ReleaseScriptingObjects (0ms)
			CreateAndSetChildDomain (2ms)
		EndReloadAssembly (747ms)
			LoadAssemblies (110ms)
			RebuildTransferFunctionScriptingTraits (0ms)
			SetupTypeCache (144ms)
			ReleaseScriptCaches (0ms)
			RebuildScriptCaches (40ms)
			SetupLoadedEditorAssemblies (491ms)
				LogAssemblyErrors (0ms)
				InitializePlatformSupportModulesInManaged (82ms)
				SetLoadedEditorAssemblies (0ms)
				RefreshPlugins (215ms)
				BeforeProcessingInitializeOnLoad (3ms)
				ProcessInitializeOnLoadAttributes (130ms)
				ProcessInitializeOnLoadMethodAttributes (61ms)
				AfterProcessingInitializeOnLoad (0ms)
				EditorAssembliesLoaded (0ms)
			ExecutionOrderSort2 (0ms)
			AwakeInstancesAfterBackupRestoration (0ms)
Platform modules already initialized, skipping
Registering precompiled user dll's ...
Registered in 0.013643 seconds.
Begin MonoManager ReloadAssembly
Native extension for UWP target not found
Native extension for LinuxStandalone target not found
Native extension for WindowsStandalone target not found
Native extension for Android target not found
Native extension for WebGL target not found
Refreshing native plugins compatible for Editor in 2.65 ms, found 3 plugins.
Preloading 1 native plugins for Editor in 0.06 ms.
Package Manager log level set to [2]
Mono: successfully reloaded assembly
- Completed reload, in  2.233 seconds
Domain Reload Profiling:
	ReloadAssembly (2234ms)
		BeginReloadAssembly (279ms)
			ExecutionOrderSort (0ms)
			DisableScriptedObjects (9ms)
			BackupInstance (0ms)
			ReleaseScriptingObjects (0ms)
			CreateAndSetChildDomain (137ms)
		EndReloadAssembly (1789ms)
			LoadAssemblies (149ms)
			RebuildTransferFunctionScriptingTraits (0ms)
			SetupTypeCache (365ms)
			ReleaseScriptCaches (1ms)
			RebuildScriptCaches (95ms)
			SetupLoadedEditorAssemblies (1134ms)
				LogAssemblyErrors (0ms)
				InitializePlatformSupportModulesInManaged (43ms)
				SetLoadedEditorAssemblies (1ms)
				RefreshPlugins (3ms)
				BeforeProcessingInitializeOnLoad (136ms)
				ProcessInitializeOnLoadAttributes (774ms)
				ProcessInitializeOnLoadMethodAttributes (168ms)
				AfterProcessingInitializeOnLoad (9ms)
				EditorAssembliesLoaded (0ms)
			ExecutionOrderSort2 (0ms)
			AwakeInstancesAfterBackupRestoration (10ms)
Platform modules already initialized, skipping
========================================================================
Worker process is ready to serve import requests
Launched and connected shader compiler UnityShaderCompiler.exe after 0.06 seconds
Refreshing native plugins compatible for Editor in 2.42 ms, found 3 plugins.
Preloading 1 native plugins for Editor in 0.05 ms.
Unloading 5031 Unused Serialized files (Serialized files now loaded: 0)
Unloading 112 unused Assets / (0.8 MB). Loaded Objects now: 5449.
Memory consumption went from 214.0 MB to 213.2 MB.
Total: 12.460800 ms (FindLiveObjects: 0.430300 ms CreateObjectMapping: 0.663200 ms MarkObjects: 10.975700 ms  DeleteObjects: 0.389600 ms)

AssetImportParameters requested are different than current active one (requested -> active):
  custom:video-decoder-ogg-theora: a1e56fd34408186e4bbccfd4996cb3dc -> 
  custom:container-muxer-webm: aa71ff27fc2769a1b78a27578f13a17b -> 
  custom:container-demuxer-webm: 4f35f7cbe854078d1ac9338744f61a02 -> 
  custom:video-encoder-webm-vp8: eb34c28f22e8b96e1ab97ce403110664 -> 
  custom:audio-encoder-webm-vorbis: bf7c407c2cedff20999df2af8eb42d56 -> 
  custom:framework-win-MediaFoundation: 216162199b28c13a410421893ffa2e32 -> 
  custom:container-demuxer-ogg: 62fdf1f143b41e24485cea50d1cbac27 -> 
  custom:video-decoder-webm-vp8: 9c59270c3fd7afecdb556c50c9e8de78 -> 
  custom:audio-decoder-ogg-vorbis: bf7c407c2cedff20999df2af8eb42d56 -> 
========================================================================
Received Import Request.
  Time since last request: 933.660833 seconds.
  path: Assets/AddressableAssetsData/AssetGroups/scene-scenes_catherisation_male.asset
  artifactKey: Guid(441164182d960564aad749841d2bc463) Importer(815301076,1909f56bfc062723c751e8b465ee728b)
Start importing Assets/AddressableAssetsData/AssetGroups/scene-scenes_catherisation_male.asset using Guid(441164182d960564aad749841d2bc463) Importer(815301076,1909f56bfc062723c751e8b465ee728b)  -> (artifact id: '3d7f7f32b01ae2c172dd573670a6e209') in 0.071739 seconds 
========================================================================
Received Import Request.
  Time since last request: 124.091304 seconds.
  path: Assets/AddressableAssetsData/AssetGroups/scene-scenes_administermedicineviapeg.asset
  artifactKey: Guid(87b6ac080723b0446903eb3a8496f40f) Importer(815301076,1909f56bfc062723c751e8b465ee728b)
Start importing Assets/AddressableAssetsData/AssetGroups/scene-scenes_administermedicineviapeg.asset using Guid(87b6ac080723b0446903eb3a8496f40f) Importer(815301076,1909f56bfc062723c751e8b465ee728b)  -> (artifact id: '87c654133604282a23ea968ca4e24972') in 0.009607 seconds 
========================================================================
Received Import Request.
  Time since last request: 144.470967 seconds.
  path: Assets/AddressableAssetsData/AssetGroups/scene-insulin_injection_in_house.asset
  artifactKey: Guid(43774894afbdc2b479fce9968cfdf257) Importer(815301076,1909f56bfc062723c751e8b465ee728b)
Start importing Assets/AddressableAssetsData/AssetGroups/scene-insulin_injection_in_house.asset using Guid(43774894afbdc2b479fce9968cfdf257) Importer(815301076,1909f56bfc062723c751e8b465ee728b)  -> (artifact id: 'bfef64ffd14e878ba92a870543abafe5') in 0.011199 seconds 
========================================================================
Received Prepare
Refreshing native plugins compatible for Editor in 21.35 ms, found 3 plugins.
Preloading 1 native plugins for Editor in 0.07 ms.
Unloading 102 Unused Serialized files (Serialized files now loaded: 0)
Unloading 101 unused Assets / (0.8 MB). Loaded Objects now: 5450.
Memory consumption went from 106.4 MB to 105.6 MB.
Total: 13.616500 ms (FindLiveObjects: 0.597400 ms CreateObjectMapping: 0.587600 ms MarkObjects: 12.067300 ms  DeleteObjects: 0.363200 ms)

AssetImportParameters requested are different than current active one (requested -> active):
  custom:video-decoder-ogg-theora: a1e56fd34408186e4bbccfd4996cb3dc -> 
  custom:container-muxer-webm: aa71ff27fc2769a1b78a27578f13a17b -> 
  custom:container-demuxer-webm: 4f35f7cbe854078d1ac9338744f61a02 -> 
  custom:video-encoder-webm-vp8: eb34c28f22e8b96e1ab97ce403110664 -> 
  custom:audio-encoder-webm-vorbis: bf7c407c2cedff20999df2af8eb42d56 -> 
  custom:framework-win-MediaFoundation: 216162199b28c13a410421893ffa2e32 -> 
  custom:container-demuxer-ogg: 62fdf1f143b41e24485cea50d1cbac27 -> 
  custom:video-decoder-webm-vp8: 9c59270c3fd7afecdb556c50c9e8de78 -> 
  custom:audio-decoder-ogg-vorbis: bf7c407c2cedff20999df2af8eb42d56 -> 
========================================================================
Received Prepare
Refreshing native plugins compatible for Editor in 24.96 ms, found 3 plugins.
Preloading 1 native plugins for Editor in 0.07 ms.
Unloading 102 Unused Serialized files (Serialized files now loaded: 0)
Unloading 101 unused Assets / (0.8 MB). Loaded Objects now: 5450.
Memory consumption went from 109.3 MB to 108.5 MB.
Total: 13.589500 ms (FindLiveObjects: 0.692700 ms CreateObjectMapping: 0.500100 ms MarkObjects: 11.873200 ms  DeleteObjects: 0.522200 ms)

AssetImportParameters requested are different than current active one (requested -> active):
  custom:video-decoder-ogg-theora: a1e56fd34408186e4bbccfd4996cb3dc -> 
  custom:container-muxer-webm: aa71ff27fc2769a1b78a27578f13a17b -> 
  custom:container-demuxer-webm: 4f35f7cbe854078d1ac9338744f61a02 -> 
  custom:video-encoder-webm-vp8: eb34c28f22e8b96e1ab97ce403110664 -> 
  custom:audio-encoder-webm-vorbis: bf7c407c2cedff20999df2af8eb42d56 -> 
  custom:framework-win-MediaFoundation: 216162199b28c13a410421893ffa2e32 -> 
  custom:container-demuxer-ogg: 62fdf1f143b41e24485cea50d1cbac27 -> 
  custom:video-decoder-webm-vp8: 9c59270c3fd7afecdb556c50c9e8de78 -> 
  custom:audio-decoder-ogg-vorbis: bf7c407c2cedff20999df2af8eb42d56 -> 
========================================================================
Received Prepare
Refreshing native plugins compatible for Editor in 2076.03 ms, found 3 plugins.
Preloading 1 native plugins for Editor in 0.07 ms.
Unloading 102 Unused Serialized files (Serialized files now loaded: 0)
Unloading 101 unused Assets / (0.8 MB). Loaded Objects now: 5450.
Memory consumption went from 109.3 MB to 108.5 MB.
Total: 16.758100 ms (FindLiveObjects: 0.622500 ms CreateObjectMapping: 0.428500 ms MarkObjects: 15.024700 ms  DeleteObjects: 0.680900 ms)

AssetImportParameters requested are different than current active one (requested -> active):
  custom:video-decoder-ogg-theora: a1e56fd34408186e4bbccfd4996cb3dc -> 
  custom:container-muxer-webm: aa71ff27fc2769a1b78a27578f13a17b -> 
  custom:container-demuxer-webm: 4f35f7cbe854078d1ac9338744f61a02 -> 
  custom:video-encoder-webm-vp8: eb34c28f22e8b96e1ab97ce403110664 -> 
  custom:audio-encoder-webm-vorbis: bf7c407c2cedff20999df2af8eb42d56 -> 
  custom:framework-win-MediaFoundation: 216162199b28c13a410421893ffa2e32 -> 
  custom:container-demuxer-ogg: 62fdf1f143b41e24485cea50d1cbac27 -> 
  custom:video-decoder-webm-vp8: 9c59270c3fd7afecdb556c50c9e8de78 -> 
  custom:audio-decoder-ogg-vorbis: bf7c407c2cedff20999df2af8eb42d56 -> 
========================================================================
Received Prepare
Registering precompiled user dll's ...
Registered in 0.026431 seconds.
Begin MonoManager ReloadAssembly
Native extension for UWP target not found
Native extension for LinuxStandalone target not found
Native extension for WindowsStandalone target not found
Native extension for Android target not found
Native extension for WebGL target not found
Refreshing native plugins compatible for Editor in 2.66 ms, found 3 plugins.
Preloading 1 native plugins for Editor in 0.08 ms.
Mono: successfully reloaded assembly
- Completed reload, in  1.958 seconds
Domain Reload Profiling:
	ReloadAssembly (1958ms)
		BeginReloadAssembly (246ms)
			ExecutionOrderSort (0ms)
			DisableScriptedObjects (9ms)
			BackupInstance (0ms)
			ReleaseScriptingObjects (0ms)
			CreateAndSetChildDomain (71ms)
		EndReloadAssembly (1562ms)
			LoadAssemblies (147ms)
			RebuildTransferFunctionScriptingTraits (0ms)
			SetupTypeCache (385ms)
			ReleaseScriptCaches (3ms)
			RebuildScriptCaches (82ms)
			SetupLoadedEditorAssemblies (767ms)
				LogAssemblyErrors (0ms)
				InitializePlatformSupportModulesInManaged (39ms)
				SetLoadedEditorAssemblies (1ms)
				RefreshPlugins (3ms)
				BeforeProcessingInitializeOnLoad (161ms)
				ProcessInitializeOnLoadAttributes (380ms)
				ProcessInitializeOnLoadMethodAttributes (174ms)
				AfterProcessingInitializeOnLoad (9ms)
				EditorAssembliesLoaded (0ms)
			ExecutionOrderSort2 (0ms)
			AwakeInstancesAfterBackupRestoration (35ms)
Platform modules already initialized, skipping
Refreshing native plugins compatible for Editor in 13.57 ms, found 3 plugins.
Preloading 1 native plugins for Editor in 0.03 ms.
Unloading 4265 Unused Serialized files (Serialized files now loaded: 0)
Unloading 101 unused Assets / (0.8 MB). Loaded Objects now: 5455.
Memory consumption went from 192.8 MB to 192.0 MB.
Total: 12.259700 ms (FindLiveObjects: 0.387900 ms CreateObjectMapping: 0.265300 ms MarkObjects: 11.211100 ms  DeleteObjects: 0.394300 ms)

AssetImportParameters requested are different than current active one (requested -> active):
  custom:video-decoder-ogg-theora: a1e56fd34408186e4bbccfd4996cb3dc -> 
  custom:container-muxer-webm: aa71ff27fc2769a1b78a27578f13a17b -> 
  custom:container-demuxer-webm: 4f35f7cbe854078d1ac9338744f61a02 -> 
  custom:video-encoder-webm-vp8: eb34c28f22e8b96e1ab97ce403110664 -> 
  custom:audio-encoder-webm-vorbis: bf7c407c2cedff20999df2af8eb42d56 -> 
  custom:framework-win-MediaFoundation: 216162199b28c13a410421893ffa2e32 -> 
  custom:container-demuxer-ogg: 62fdf1f143b41e24485cea50d1cbac27 -> 
  custom:video-decoder-webm-vp8: 9c59270c3fd7afecdb556c50c9e8de78 -> 
  custom:audio-decoder-ogg-vorbis: bf7c407c2cedff20999df2af8eb42d56 -> 
========================================================================
Received Import Request.
  Time since last request: 1607.756310 seconds.
  path: Assets/Resources/Sprites/Care-Up-Logo-No-text-GooglePlay.png
  artifactKey: Guid(9066aaf70f826e94790166f94ad29601) Importer(815301076,1909f56bfc062723c751e8b465ee728b)
Start importing Assets/Resources/Sprites/Care-Up-Logo-No-text-GooglePlay.png using Guid(9066aaf70f826e94790166f94ad29601) Importer(815301076,1909f56bfc062723c751e8b465ee728b)  -> (artifact id: '21eff874ac0940317c51f8f1db39f31a') in 0.234842 seconds 
========================================================================
Received Import Request.
  Time since last request: 364.551042 seconds.
  path: Assets/Resources_moved/Models/Materials/AED_Main.mat
  artifactKey: Guid(b7e495a613f4a1d47854f7fe81752356) Importer(815301076,1909f56bfc062723c751e8b465ee728b)
Start importing Assets/Resources_moved/Models/Materials/AED_Main.mat using Guid(b7e495a613f4a1d47854f7fe81752356) Importer(815301076,1909f56bfc062723c751e8b465ee728b)  -> (artifact id: 'eaa56adeccfdfee7f75a2b579ef342c4') in 0.373619 seconds 
========================================================================
Received Import Request.
  Time since last request: 0.000041 seconds.
  path: Assets/Resources_moved/Models/BrushProthesis.fbx
  artifactKey: Guid(c138d37c510f9f049ba4297940770e56) Importer(815301076,1909f56bfc062723c751e8b465ee728b)
Start importing Assets/Resources_moved/Models/BrushProthesis.fbx using Guid(c138d37c510f9f049ba4297940770e56) Importer(815301076,1909f56bfc062723c751e8b465ee728b)  -> (artifact id: 'aecef1f8ef6c64a84ad8dbfc20c640fb') in 0.128468 seconds 
========================================================================
Received Import Request.
  Time since last request: 0.000061 seconds.
  path: Assets/Resources_moved/Models/Materials/PlasterBagMain.mat
  artifactKey: Guid(0e7f700c4f0e7d54a94e62ca007cf97e) Importer(815301076,1909f56bfc062723c751e8b465ee728b)
Start importing Assets/Resources_moved/Models/Materials/PlasterBagMain.mat using Guid(0e7f700c4f0e7d54a94e62ca007cf97e) Importer(815301076,1909f56bfc062723c751e8b465ee728b)  -> (artifact id: '075dfcfb0876c443e668ae8fcf62158d') in 0.030054 seconds 
========================================================================
Received Import Request.
  Time since last request: 0.000024 seconds.
  path: Assets/Resources_moved/Models/Materials/BagTextureMain.mat
  artifactKey: Guid(b45cdda3c1afae143943aefa8b9f3636) Importer(815301076,1909f56bfc062723c751e8b465ee728b)
Start importing Assets/Resources_moved/Models/Materials/BagTextureMain.mat using Guid(b45cdda3c1afae143943aefa8b9f3636) Importer(815301076,1909f56bfc062723c751e8b465ee728b)  -> (artifact id: 'f1723007250301bd59ee7d415467e83e') in 0.040433 seconds 
========================================================================
Received Import Request.
  Time since last request: 0.000030 seconds.
  path: Assets/Resources_moved/Models/Materials/BedBorderMainInnerPart.mat
  artifactKey: Guid(4bb82af54adf9b645bae7395dca1b21c) Importer(815301076,1909f56bfc062723c751e8b465ee728b)
Start importing Assets/Resources_moved/Models/Materials/BedBorderMainInnerPart.mat using Guid(4bb82af54adf9b645bae7395dca1b21c) Importer(815301076,1909f56bfc062723c751e8b465ee728b)  -> (artifact id: '606f4833183bcd93cc7645a1ae712dae') in 0.024335 seconds 
========================================================================
Received Import Request.
  Time since last request: 0.000039 seconds.
  path: Assets/Resources_moved/Models/StomaPlaster.fbx
  artifactKey: Guid(95cff2429681be64a811187cacc5493c) Importer(815301076,1909f56bfc062723c751e8b465ee728b)
Start importing Assets/Resources_moved/Models/StomaPlaster.fbx using Guid(95cff2429681be64a811187cacc5493c) Importer(815301076,1909f56bfc062723c751e8b465ee728b)  -> (artifact id: '3d9a3221a9620ad12760556f04fa5ec9') in 0.210185 seconds 
========================================================================
Received Import Request.
  Time since last request: 0.000051 seconds.
  path: Assets/Resources_moved/Models/SplitedGauze.fbx
  artifactKey: Guid(e0c184f0d1085974d8c9af6da83a5ece) Importer(815301076,1909f56bfc062723c751e8b465ee728b)
Start importing Assets/Resources_moved/Models/SplitedGauze.fbx using Guid(e0c184f0d1085974d8c9af6da83a5ece) Importer(815301076,1909f56bfc062723c751e8b465ee728b)  -> (artifact id: '89d198adcafe778d9c9d9369a3ff132f') in 0.064127 seconds 
========================================================================
Received Import Request.
  Time since last request: 0.000034 seconds.
  path: Assets/Resources_moved/Models/AirBall_New.fbx
  artifactKey: Guid(201f30fbbc2331243bb75159ea25e190) Importer(815301076,1909f56bfc062723c751e8b465ee728b)
Start importing Assets/Resources_moved/Models/AirBall_New.fbx using Guid(201f30fbbc2331243bb75159ea25e190) Importer(815301076,1909f56bfc062723c751e8b465ee728b)  -> (artifact id: '4f03b6ea795566688f6f4428f9c1ad5d') in 0.210776 seconds 
========================================================================
Received Import Request.
  Time since last request: 0.000029 seconds.
  path: Assets/Resources_moved/Models/BrushProthesis_Small.fbx
  artifactKey: Guid(776dcf62c3d2d94409c9ca45d921cd54) Importer(815301076,1909f56bfc062723c751e8b465ee728b)
Start importing Assets/Resources_moved/Models/BrushProthesis_Small.fbx using Guid(776dcf62c3d2d94409c9ca45d921cd54) Importer(815301076,1909f56bfc062723c751e8b465ee728b)  -> (artifact id: 'b4078c2bc51d40d8f16cc02e845ada08') in 0.052482 seconds 
========================================================================
Received Import Request.
  Time since last request: 0.000035 seconds.
  path: Assets/Resources/Sprites/nUI/mainPanel_Slider.png
  artifactKey: Guid(7f3b6b71ddc60f140968999ba351597d) Importer(815301076,1909f56bfc062723c751e8b465ee728b)
Start importing Assets/Resources/Sprites/nUI/mainPanel_Slider.png using Guid(7f3b6b71ddc60f140968999ba351597d) Importer(815301076,1909f56bfc062723c751e8b465ee728b)  -> (artifact id: '9ca0d389def13685a174014a0a715e63') in 0.040828 seconds 
========================================================================
Received Import Request.
  Time since last request: 0.000023 seconds.
  path: Assets/Resources_moved/Models/FraxiperineSyringe_Rigged.fbx
  artifactKey: Guid(15bbeacdb8df9a14483209e6e2b80ec6) Importer(815301076,1909f56bfc062723c751e8b465ee728b)
Start importing Assets/Resources_moved/Models/FraxiperineSyringe_Rigged.fbx using Guid(15bbeacdb8df9a14483209e6e2b80ec6) Importer(815301076,1909f56bfc062723c751e8b465ee728b)  -> (artifact id: '334477d1738718eaffa46e0810fda237') in 0.088323 seconds 
========================================================================
Received Import Request.
  Time since last request: 0.000027 seconds.
  path: Assets/Resources_moved/Models/fraxiparine.fbx
  artifactKey: Guid(b5245414fc09e044c94329415a8f2340) Importer(815301076,1909f56bfc062723c751e8b465ee728b)
Start importing Assets/Resources_moved/Models/fraxiparine.fbx using Guid(b5245414fc09e044c94329415a8f2340) Importer(815301076,1909f56bfc062723c751e8b465ee728b)  -> (artifact id: 'c9e0acec2d9b2f69460dfe6f5144f735') in 0.117594 seconds 
========================================================================
Received Import Request.
  Time since last request: 0.000024 seconds.
  path: Assets/Resources_moved/Models/Materials/TubePumpMainMat.mat
  artifactKey: Guid(36e22ce1e39cc5a4ba8122979c473592) Importer(815301076,1909f56bfc062723c751e8b465ee728b)
Start importing Assets/Resources_moved/Models/Materials/TubePumpMainMat.mat using Guid(36e22ce1e39cc5a4ba8122979c473592) Importer(815301076,1909f56bfc062723c751e8b465ee728b)  -> (artifact id: 'f31f29f6595a74ad3bbf4d6f0996ed83') in 0.019648 seconds 
========================================================================
Received Import Request.
  Time since last request: 0.000036 seconds.
  path: Assets/Resources_moved/Models/CannulaTwoParts.fbx
  artifactKey: Guid(7c017cb2654a4944c8e6a14951e71bfc) Importer(815301076,1909f56bfc062723c751e8b465ee728b)
Start importing Assets/Resources_moved/Models/CannulaTwoParts.fbx using Guid(7c017cb2654a4944c8e6a14951e71bfc) Importer(815301076,1909f56bfc062723c751e8b465ee728b)  -> (artifact id: 'ab132bc56fe2ca1479a496077e99ef86') in 0.155565 seconds 
========================================================================
Received Import Request.
  Time since last request: 0.000034 seconds.
  path: Assets/Resources_moved/Models/infusion_needle_rigged.fbx
  artifactKey: Guid(ef63cfc485b198f4eb3b1f3774bbb6a1) Importer(815301076,1909f56bfc062723c751e8b465ee728b)
Start importing Assets/Resources_moved/Models/infusion_needle_rigged.fbx using Guid(ef63cfc485b198f4eb3b1f3774bbb6a1) Importer(815301076,1909f56bfc062723c751e8b465ee728b)  -> (artifact id: 'c2b24a3718b4da96abba309111519239') in 0.370012 seconds 
========================================================================
Received Import Request.
  Time since last request: 0.000040 seconds.
  path: Assets/Resources_moved/Models/Materials/BedBorderMain.mat
  artifactKey: Guid(7bfc0d3e8bbbef442be9c7521222e24d) Importer(815301076,1909f56bfc062723c751e8b465ee728b)
Start importing Assets/Resources_moved/Models/Materials/BedBorderMain.mat using Guid(7bfc0d3e8bbbef442be9c7521222e24d) Importer(815301076,1909f56bfc062723c751e8b465ee728b)  -> (artifact id: '731d5f5473eb8cc37a4cc936bb4804b0') in 0.024737 seconds 
========================================================================
Received Import Request.
  Time since last request: 0.000040 seconds.
  path: Assets/Resources_moved/Models/BrushProthesis_Big.fbx
  artifactKey: Guid(354495e44d7ef05448781ba9a12c84fa) Importer(815301076,1909f56bfc062723c751e8b465ee728b)
Start importing Assets/Resources_moved/Models/BrushProthesis_Big.fbx using Guid(354495e44d7ef05448781ba9a12c84fa) Importer(815301076,1909f56bfc062723c751e8b465ee728b)  -> (artifact id: 'bc0f6cb538eed61967866a53cefcf20d') in 0.049333 seconds 
========================================================================
Received Import Request.
  Time since last request: 0.000024 seconds.
  path: Assets/Resources_moved/Models/syringePack.fbx
  artifactKey: Guid(24e711a69f6c24e438925ee9bb1e8020) Importer(815301076,1909f56bfc062723c751e8b465ee728b)
Start importing Assets/Resources_moved/Models/syringePack.fbx using Guid(24e711a69f6c24e438925ee9bb1e8020) Importer(815301076,1909f56bfc062723c751e8b465ee728b)  -> (artifact id: '6d8b100f2fc3cf84700028daa8ce6c4a') in 0.059191 seconds 
========================================================================
Received Import Request.
  Time since last request: 0.000121 seconds.
  path: Assets/Resources_moved/Models/Materials/MagazineMain.mat
  artifactKey: Guid(ebfe4c7d94c6bdd44bce7f098c365b84) Importer(815301076,1909f56bfc062723c751e8b465ee728b)
Start importing Assets/Resources_moved/Models/Materials/MagazineMain.mat using Guid(ebfe4c7d94c6bdd44bce7f098c365b84) Importer(815301076,1909f56bfc062723c751e8b465ee728b)  -> (artifact id: '4bab6562c8eb236a83ae2f09ef604db1') in 0.076013 seconds 
========================================================================
Received Import Request.
  Time since last request: 0.000046 seconds.
  path: Assets/Resources_moved/Textures/TourniquetStripMain.jpg
  artifactKey: Guid(15a8180112293a446a41052b01c66c64) Importer(815301076,1909f56bfc062723c751e8b465ee728b)
Start importing Assets/Resources_moved/Textures/TourniquetStripMain.jpg using Guid(15a8180112293a446a41052b01c66c64) Importer(815301076,1909f56bfc062723c751e8b465ee728b)  -> (artifact id: '806d393be1cc8e07e3c52a14a35de838') in 0.037808 seconds 
========================================================================
Received Import Request.
  Time since last request: 0.000116 seconds.
  path: Assets/Resources_moved/Textures/TourniquetStripMain_Clips.png
  artifactKey: Guid(ed710b0bb077bff478884e14593d1690) Importer(815301076,1909f56bfc062723c751e8b465ee728b)
Start importing Assets/Resources_moved/Textures/TourniquetStripMain_Clips.png using Guid(ed710b0bb077bff478884e14593d1690) Importer(815301076,1909f56bfc062723c751e8b465ee728b)  -> (artifact id: '171db22bf3e66983ee8fb17f575d3441') in 0.040990 seconds 
========================================================================
Received Import Request.
  Time since last request: 0.000037 seconds.
  path: Assets/Resources_moved/Models/TwoPartCannulaStraps.fbx
  artifactKey: Guid(8f17bad5f0b43484697e50a19a214bc9) Importer(815301076,1909f56bfc062723c751e8b465ee728b)
Start importing Assets/Resources_moved/Models/TwoPartCannulaStraps.fbx using Guid(8f17bad5f0b43484697e50a19a214bc9) Importer(815301076,1909f56bfc062723c751e8b465ee728b)  -> (artifact id: '6df0ad292b4274d8e20807871157f80e') in 0.042363 seconds 
========================================================================
Received Import Request.
  Time since last request: 0.000041 seconds.
  path: Assets/Resources_moved/Models/CannulaTwoParts_Separate.fbx
  artifactKey: Guid(babe5def5419a6a44b155e642858f25b) Importer(815301076,1909f56bfc062723c751e8b465ee728b)
Start importing Assets/Resources_moved/Models/CannulaTwoParts_Separate.fbx using Guid(babe5def5419a6a44b155e642858f25b) Importer(815301076,1909f56bfc062723c751e8b465ee728b)  -> (artifact id: 'ad3d9e9eedfcd1ee5b540dcfdd32021b') in 0.060480 seconds 
========================================================================
Received Import Request.
  Time since last request: 4.462045 seconds.
  path: Assets/Plugins/Android/mainTemplate.gradle
  artifactKey: Guid(6a83a576590675e4eb9c84d948d839c9) Importer(815301076,1909f56bfc062723c751e8b465ee728b)
Start importing Assets/Plugins/Android/mainTemplate.gradle using Guid(6a83a576590675e4eb9c84d948d839c9) Importer(815301076,1909f56bfc062723c751e8b465ee728b)  -> (artifact id: '584d01e0e7a1b1bdb36ec2a9b5e2eaf2') in 0.010336 seconds 
========================================================================
Received Import Request.
  Time since last request: 3.348003 seconds.
  path: Assets/Plugins/Android/mainTemplate.gradle.backup
  artifactKey: Guid(d6d82651078e0974cace0b9307c50623) Importer(815301076,1909f56bfc062723c751e8b465ee728b)
Start importing Assets/Plugins/Android/mainTemplate.gradle.backup using Guid(d6d82651078e0974cace0b9307c50623) Importer(815301076,1909f56bfc062723c751e8b465ee728b)  -> (artifact id: '9e1fb04201bf403e0a393eec91eebe10') in 0.015307 seconds 
========================================================================
Received Prepare
Refreshing native plugins compatible for Editor in 31.48 ms, found 3 plugins.
Preloading 1 native plugins for Editor in 0.05 ms.
Unloading 102 Unused Serialized files (Serialized files now loaded: 0)
Unloading 101 unused Assets / (0.8 MB). Loaded Objects now: 5506.
Memory consumption went from 115.0 MB to 114.2 MB.
Total: 14.710300 ms (FindLiveObjects: 0.419300 ms CreateObjectMapping: 0.292400 ms MarkObjects: 13.429100 ms  DeleteObjects: 0.568200 ms)

AssetImportParameters requested are different than current active one (requested -> active):
  custom:video-decoder-ogg-theora: a1e56fd34408186e4bbccfd4996cb3dc -> 
  custom:container-muxer-webm: aa71ff27fc2769a1b78a27578f13a17b -> 
  custom:container-demuxer-webm: 4f35f7cbe854078d1ac9338744f61a02 -> 
  custom:video-encoder-webm-vp8: eb34c28f22e8b96e1ab97ce403110664 -> 
  custom:audio-encoder-webm-vorbis: bf7c407c2cedff20999df2af8eb42d56 -> 
  custom:framework-win-MediaFoundation: 216162199b28c13a410421893ffa2e32 -> 
  custom:container-demuxer-ogg: 62fdf1f143b41e24485cea50d1cbac27 -> 
  custom:video-decoder-webm-vp8: 9c59270c3fd7afecdb556c50c9e8de78 -> 
  custom:audio-decoder-ogg-vorbis: bf7c407c2cedff20999df2af8eb42d56 -> 
