Using pre-set license
Built from '2021.3/staging' branch; Version is '2021.3.14f1 (eee1884e7226) revision 15655304'; Using compiler version '192829333'; Build Type 'Release'
OS: 'Windows 10  (10.0.19044) 64bit Professional' Language: 'en' Physical Memory: 16304 MB
BatchMode: 1, IsHumanControllingUs: 0, StartBugReporterOnCrash: 0, Is64bit: 1, IsPro: 1

COMMAND LINE ARGUMENTS:
C:\Program Files\UnityEditor\2021.3.14f1\Editor\Unity.exe
-adb2
-batchMode
-noUpm
-name
AssetImportWorker1
-projectPath
D:/Projects/care-up/care-up
-logFile
Logs/AssetImportWorker1.log
-srvPort
59143
Successfully changed project path to: D:/Projects/care-up/care-up
D:/Projects/care-up/care-up
[UnityMemory] Configuration Parameters - Can be set up in boot.config
    "memorysetup-bucket-allocator-granularity=16"
    "memorysetup-bucket-allocator-bucket-count=8"
    "memorysetup-bucket-allocator-block-size=33554432"
    "memorysetup-bucket-allocator-block-count=8"
    "memorysetup-main-allocator-block-size=16777216"
    "memorysetup-thread-allocator-block-size=16777216"
    "memorysetup-gfx-main-allocator-block-size=16777216"
    "memorysetup-gfx-thread-allocator-block-size=16777216"
    "memorysetup-cache-allocator-block-size=4194304"
    "memorysetup-typetree-allocator-block-size=2097152"
    "memorysetup-profiler-bucket-allocator-granularity=16"
    "memorysetup-profiler-bucket-allocator-bucket-count=8"
    "memorysetup-profiler-bucket-allocator-block-size=33554432"
    "memorysetup-profiler-bucket-allocator-block-count=8"
    "memorysetup-profiler-allocator-block-size=16777216"
    "memorysetup-profiler-editor-allocator-block-size=1048576"
    "memorysetup-temp-allocator-size-main=16777216"
    "memorysetup-job-temp-allocator-block-size=2097152"
    "memorysetup-job-temp-allocator-block-size-background=1048576"
    "memorysetup-job-temp-allocator-reduction-small-platforms=262144"
    "memorysetup-temp-allocator-size-background-worker=32768"
    "memorysetup-temp-allocator-size-job-worker=262144"
    "memorysetup-temp-allocator-size-preload-manager=33554432"
    "memorysetup-temp-allocator-size-nav-mesh-worker=65536"
    "memorysetup-temp-allocator-size-audio-worker=65536"
    "memorysetup-temp-allocator-size-cloud-worker=32768"
    "memorysetup-temp-allocator-size-gi-baking-worker=262144"
    "memorysetup-temp-allocator-size-gfx=262144"
Refreshing native plugins compatible for Editor in 265.00 ms, found 3 plugins.
Preloading 1 native plugins for Editor in 0.81 ms.
Initialize engine version: 2021.3.14f1 (eee1884e7226)
[Subsystems] Discovering subsystems at path C:/Program Files/UnityEditor/2021.3.14f1/Editor/Data/Resources/UnitySubsystems
[Subsystems] Discovering subsystems at path D:/Projects/care-up/care-up/Assets
GfxDevice: creating device client; threaded=0; jobified=0
Direct3D:
    Version:  Direct3D 11.0 [level 11.1]
    Renderer: NVIDIA GeForce GTX 1060 6GB (ID=0x1c03)
    Vendor:   NVIDIA
    VRAM:     6052 MB
    Driver:   31.0.15.1694
Initialize mono
Mono path[0] = 'C:/Program Files/UnityEditor/2021.3.14f1/Editor/Data/Managed'
Mono path[1] = 'C:/Program Files/UnityEditor/2021.3.14f1/Editor/Data/MonoBleedingEdge/lib/mono/unityjit-win32'
Mono config path = 'C:/Program Files/UnityEditor/2021.3.14f1/Editor/Data/MonoBleedingEdge/etc'
Using monoOptions --debugger-agent=transport=dt_socket,embedding=1,server=y,suspend=n,address=127.0.0.1:56820
Begin MonoManager ReloadAssembly
Registering precompiled unity dll's ...
Register platform support module: C:/Program Files/UnityEditor/2021.3.14f1/Editor/Data/PlaybackEngines/WebGLSupport/UnityEditor.WebGL.Extensions.dll
Register platform support module: C:/Program Files/UnityEditor/2021.3.14f1/Editor/Data/PlaybackEngines/AndroidPlayer/UnityEditor.Android.Extensions.dll
Register platform support module: C:/Program Files/UnityEditor/2021.3.14f1/Editor/Data/PlaybackEngines/WindowsStandaloneSupport/UnityEditor.WindowsStandalone.Extensions.dll
Register platform support module: C:/Program Files/UnityEditor/2021.3.14f1/Editor/Data/PlaybackEngines/MetroSupport/UnityEditor.UWP.Extensions.dll
Registered in 0.008708 seconds.
Native extension for UWP target not found
Native extension for WindowsStandalone target not found
Native extension for Android target not found
Native extension for WebGL target not found
Refreshing native plugins compatible for Editor in 183.85 ms, found 3 plugins.
Preloading 1 native plugins for Editor in 0.35 ms.
Mono: successfully reloaded assembly
- Completed reload, in  0.943 seconds
Domain Reload Profiling:
	ReloadAssembly (944ms)
		BeginReloadAssembly (97ms)
			ExecutionOrderSort (0ms)
			DisableScriptedObjects (0ms)
			BackupInstance (0ms)
			ReleaseScriptingObjects (0ms)
			CreateAndSetChildDomain (1ms)
		EndReloadAssembly (719ms)
			LoadAssemblies (96ms)
			RebuildTransferFunctionScriptingTraits (0ms)
			SetupTypeCache (200ms)
			ReleaseScriptCaches (0ms)
			RebuildScriptCaches (35ms)
			SetupLoadedEditorAssemblies (418ms)
				LogAssemblyErrors (0ms)
				InitializePlatformSupportModulesInManaged (65ms)
				SetLoadedEditorAssemblies (0ms)
				RefreshPlugins (184ms)
				BeforeProcessingInitializeOnLoad (2ms)
				ProcessInitializeOnLoadAttributes (113ms)
				ProcessInitializeOnLoadMethodAttributes (54ms)
				AfterProcessingInitializeOnLoad (0ms)
				EditorAssembliesLoaded (0ms)
			ExecutionOrderSort2 (0ms)
			AwakeInstancesAfterBackupRestoration (0ms)
Platform modules already initialized, skipping
Registering precompiled user dll's ...
Registered in 0.011706 seconds.
Begin MonoManager ReloadAssembly
Native extension for UWP target not found
Native extension for WindowsStandalone target not found
Native extension for Android target not found
Native extension for WebGL target not found
Refreshing native plugins compatible for Editor in 8.21 ms, found 3 plugins.
Preloading 1 native plugins for Editor in 0.05 ms.
Package Manager log level set to [2]
Mono: successfully reloaded assembly
- Completed reload, in  6.232 seconds
Domain Reload Profiling:
	ReloadAssembly (6233ms)
		BeginReloadAssembly (287ms)
			ExecutionOrderSort (0ms)
			DisableScriptedObjects (7ms)
			BackupInstance (0ms)
			ReleaseScriptingObjects (0ms)
			CreateAndSetChildDomain (163ms)
		EndReloadAssembly (5805ms)
			LoadAssemblies (129ms)
			RebuildTransferFunctionScriptingTraits (0ms)
			SetupTypeCache (391ms)
			ReleaseScriptCaches (1ms)
			RebuildScriptCaches (94ms)
			SetupLoadedEditorAssemblies (5145ms)
				LogAssemblyErrors (0ms)
				InitializePlatformSupportModulesInManaged (78ms)
				SetLoadedEditorAssemblies (1ms)
				RefreshPlugins (8ms)
				BeforeProcessingInitializeOnLoad (158ms)
				ProcessInitializeOnLoadAttributes (4742ms)
				ProcessInitializeOnLoadMethodAttributes (146ms)
				AfterProcessingInitializeOnLoad (11ms)
				EditorAssembliesLoaded (0ms)
			ExecutionOrderSort2 (0ms)
			AwakeInstancesAfterBackupRestoration (13ms)
Platform modules already initialized, skipping
========================================================================
Worker process is ready to serve import requests
Launched and connected shader compiler UnityShaderCompiler.exe after 0.08 seconds
Refreshing native plugins compatible for Editor in 2.83 ms, found 3 plugins.
Preloading 1 native plugins for Editor in 0.05 ms.
Unloading 4843 Unused Serialized files (Serialized files now loaded: 0)
Unloading 85 unused Assets / (0.8 MB). Loaded Objects now: 5277.
Memory consumption went from 207.2 MB to 206.3 MB.
Total: 10.939700 ms (FindLiveObjects: 0.393600 ms CreateObjectMapping: 0.345300 ms MarkObjects: 9.832900 ms  DeleteObjects: 0.366200 ms)

AssetImportParameters requested are different than current active one (requested -> active):
  custom:video-decoder-ogg-theora: a1e56fd34408186e4bbccfd4996cb3dc -> 
  custom:container-muxer-webm: aa71ff27fc2769a1b78a27578f13a17b -> 
  custom:container-demuxer-webm: 4f35f7cbe854078d1ac9338744f61a02 -> 
  custom:video-encoder-webm-vp8: eb34c28f22e8b96e1ab97ce403110664 -> 
  custom:audio-encoder-webm-vorbis: bf7c407c2cedff20999df2af8eb42d56 -> 
  custom:framework-win-MediaFoundation: 216162199b28c13a410421893ffa2e32 -> 
  custom:container-demuxer-ogg: 62fdf1f143b41e24485cea50d1cbac27 -> 
  custom:video-decoder-webm-vp8: 9c59270c3fd7afecdb556c50c9e8de78 -> 
  custom:audio-decoder-ogg-vorbis: bf7c407c2cedff20999df2af8eb42d56 -> 
========================================================================
Received Import Request.
  Time since last request: 70616.994448 seconds.
  path: Assets/AddressableAssetsData/AssetGroups/scene-insulin_injection.asset
  artifactKey: Guid(688ba395663ee944581e36bdfe184d72) Importer(815301076,1909f56bfc062723c751e8b465ee728b)
Start importing Assets/AddressableAssetsData/AssetGroups/scene-insulin_injection.asset using Guid(688ba395663ee944581e36bdfe184d72) Importer(815301076,1909f56bfc062723c751e8b465ee728b)  -> (artifact id: 'd24dff0a4aa66a4c81798faf6c8bdb30') in 0.066301 seconds 
========================================================================
Received Import Request.
  Time since last request: 1945.168627 seconds.
  path: Assets/AddressableAssetsData/AssetGroups/scene-scenes_saf-t-intima_insertion.asset
  artifactKey: Guid(372dcf738f042a4438e3d260292848ec) Importer(815301076,1909f56bfc062723c751e8b465ee728b)
Start importing Assets/AddressableAssetsData/AssetGroups/scene-scenes_saf-t-intima_insertion.asset using Guid(372dcf738f042a4438e3d260292848ec) Importer(815301076,1909f56bfc062723c751e8b465ee728b)  -> (artifact id: 'd19c394254d64a029c3bcda9bca3a13b') in 0.017398 seconds 
========================================================================
Received Import Request.
  Time since last request: 867.874156 seconds.
  path: Assets/GUI Kit Mono Round/_PNG/19_Function_Button/Button_Icon/btn_icon_sign_minus.png
  artifactKey: Guid(73683caf1eecf4f65a3874ff3beab40d) Importer(815301076,1909f56bfc062723c751e8b465ee728b)
Start importing Assets/GUI Kit Mono Round/_PNG/19_Function_Button/Button_Icon/btn_icon_sign_minus.png using Guid(73683caf1eecf4f65a3874ff3beab40d) Importer(815301076,1909f56bfc062723c751e8b465ee728b)  -> (artifact id: '59f8587951bf59a43521dcfa89532011') in 0.290427 seconds 
========================================================================
Received Import Request.
  Time since last request: 0.000032 seconds.
  path: Assets/GUI Kit Mono Round/_PNG/19_Function_Button/Button_Line/line_White/btn_line_white_sign_minus.png
  artifactKey: Guid(270d98d375aef47baac86b9d9d37092e) Importer(815301076,1909f56bfc062723c751e8b465ee728b)
Start importing Assets/GUI Kit Mono Round/_PNG/19_Function_Button/Button_Line/line_White/btn_line_white_sign_minus.png using Guid(270d98d375aef47baac86b9d9d37092e) Importer(815301076,1909f56bfc062723c751e8b465ee728b)  -> (artifact id: 'd7ceaa15b95e34ad6715a70eb333880b') in 0.034582 seconds 
========================================================================
Received Import Request.
  Time since last request: 0.000031 seconds.
  path: Assets/GUI Kit Mono Round/_PNG/19_Function_Button/Button_Line/line_Black/btn_line_black_sign_minus.png
  artifactKey: Guid(2e9d1715d7319441cb82ec727bc9d18f) Importer(815301076,1909f56bfc062723c751e8b465ee728b)
Start importing Assets/GUI Kit Mono Round/_PNG/19_Function_Button/Button_Line/line_Black/btn_line_black_sign_minus.png using Guid(2e9d1715d7319441cb82ec727bc9d18f) Importer(815301076,1909f56bfc062723c751e8b465ee728b)  -> (artifact id: '345ec67f9b182f7d78a11d3c355f49d2') in 0.032170 seconds 
========================================================================
Received Import Request.
  Time since last request: 0.000022 seconds.
  path: Assets/gui_flat_light/Elements/Additional element sizes/icons and items/icons_128x128px/minus.png
  artifactKey: Guid(d2a20430643a6924a9c52b3663a9e879) Importer(815301076,1909f56bfc062723c751e8b465ee728b)
Start importing Assets/gui_flat_light/Elements/Additional element sizes/icons and items/icons_128x128px/minus.png using Guid(d2a20430643a6924a9c52b3663a9e879) Importer(815301076,1909f56bfc062723c751e8b465ee728b)  -> (artifact id: 'f4accff73ea957ddcf8515d86108878e') in 0.026848 seconds 
========================================================================
Received Import Request.
  Time since last request: 0.000050 seconds.
  path: Assets/GUI Kit Mono Round/_PNG/19_Function_Button/Button_Translucence_Solid/Translucence_Solid_Black/btn_translucence_black_sign_minus.png
  artifactKey: Guid(8626aca7ad6fe42199b2a38dc8fafc53) Importer(815301076,1909f56bfc062723c751e8b465ee728b)
Start importing Assets/GUI Kit Mono Round/_PNG/19_Function_Button/Button_Translucence_Solid/Translucence_Solid_Black/btn_translucence_black_sign_minus.png using Guid(8626aca7ad6fe42199b2a38dc8fafc53) Importer(815301076,1909f56bfc062723c751e8b465ee728b)  -> (artifact id: 'e2fa52be720a7e643acfe9b97fb57bdc') in 0.023697 seconds 
========================================================================
Received Import Request.
  Time since last request: 0.000025 seconds.
  path: Assets/gui_flat_light/Elements/Additional element sizes/icons and items/icons_32x32px/minus.png
  artifactKey: Guid(64a8e7938f344ed46a4cef59017ed0b2) Importer(815301076,1909f56bfc062723c751e8b465ee728b)
Start importing Assets/gui_flat_light/Elements/Additional element sizes/icons and items/icons_32x32px/minus.png using Guid(64a8e7938f344ed46a4cef59017ed0b2) Importer(815301076,1909f56bfc062723c751e8b465ee728b)  -> (artifact id: '5ebbf77911faab485adcf002c06c80b9') in 0.019248 seconds 
========================================================================
Received Import Request.
  Time since last request: 0.000025 seconds.
  path: Assets/GUI Kit Mono Round/_PNG/19_Function_Button/Button_Dig/btn_white_dig_sign_minus.png
  artifactKey: Guid(b0499fc78120e4334881029aa4374449) Importer(815301076,1909f56bfc062723c751e8b465ee728b)
Start importing Assets/GUI Kit Mono Round/_PNG/19_Function_Button/Button_Dig/btn_white_dig_sign_minus.png using Guid(b0499fc78120e4334881029aa4374449) Importer(815301076,1909f56bfc062723c751e8b465ee728b)  -> (artifact id: '5665c4a223f3aa998f62a1e996c891d3') in 0.023472 seconds 
========================================================================
Received Import Request.
  Time since last request: 0.000031 seconds.
  path: Assets/gui_flat_light/Elements/Additional element sizes/buttons/circle/64x64px/minus.png
  artifactKey: Guid(8bb72491f22a5034d9419f557c3b1299) Importer(815301076,1909f56bfc062723c751e8b465ee728b)
Start importing Assets/gui_flat_light/Elements/Additional element sizes/buttons/circle/64x64px/minus.png using Guid(8bb72491f22a5034d9419f557c3b1299) Importer(815301076,1909f56bfc062723c751e8b465ee728b)  -> (artifact id: '327558f9e038f9241474987847a70d76') in 0.021997 seconds 
========================================================================
Received Import Request.
  Time since last request: 0.000028 seconds.
  path: Assets/gui_flat_light/Elements/buttons/circles/minus.png
  artifactKey: Guid(232fa2306addde64aa2d3674da8bfdb9) Importer(815301076,1909f56bfc062723c751e8b465ee728b)
Start importing Assets/gui_flat_light/Elements/buttons/circles/minus.png using Guid(232fa2306addde64aa2d3674da8bfdb9) Importer(815301076,1909f56bfc062723c751e8b465ee728b)  -> (artifact id: '0898c6fefae9920b43267e088acfb31a') in 0.022909 seconds 
========================================================================
Received Import Request.
  Time since last request: 0.000070 seconds.
  path: Assets/GUI Kit Mono Round/_PNG/19_Function_Button/Button_Line/line_Gray/btn_line_gray_sign_minus.png
  artifactKey: Guid(1a1339a2e11bf4520998e890b14a8d97) Importer(815301076,1909f56bfc062723c751e8b465ee728b)
Start importing Assets/GUI Kit Mono Round/_PNG/19_Function_Button/Button_Line/line_Gray/btn_line_gray_sign_minus.png using Guid(1a1339a2e11bf4520998e890b14a8d97) Importer(815301076,1909f56bfc062723c751e8b465ee728b)  -> (artifact id: 'd706145be4eb3f1ecd409f6b0dd8769e') in 0.026805 seconds 
========================================================================
Received Import Request.
  Time since last request: 0.000019 seconds.
  path: Assets/gui_flat_light/Elements/Additional element sizes/icons and items/icons_256x256px/minus.png
  artifactKey: Guid(0f3a1007f234ad04a8a8740086e4ec5f) Importer(815301076,1909f56bfc062723c751e8b465ee728b)
Start importing Assets/gui_flat_light/Elements/Additional element sizes/icons and items/icons_256x256px/minus.png using Guid(0f3a1007f234ad04a8a8740086e4ec5f) Importer(815301076,1909f56bfc062723c751e8b465ee728b)  -> (artifact id: '3c8fe14eceb94ea3bf746c4f7696e9db') in 0.028603 seconds 
========================================================================
Received Import Request.
  Time since last request: 0.000026 seconds.
  path: Assets/GUI Kit Mono Round/_PNG/19_Function_Button/Button_Translucence_Solid/Translucence_Solid_White/btn_translucence_white_sign_minus.png
  artifactKey: Guid(ca7b9ce4759e74a12bdb71707d4ba07b) Importer(815301076,1909f56bfc062723c751e8b465ee728b)
Start importing Assets/GUI Kit Mono Round/_PNG/19_Function_Button/Button_Translucence_Solid/Translucence_Solid_White/btn_translucence_white_sign_minus.png using Guid(ca7b9ce4759e74a12bdb71707d4ba07b) Importer(815301076,1909f56bfc062723c751e8b465ee728b)  -> (artifact id: '9d2c2c58d4930fb23775dcc812893566') in 0.025974 seconds 
========================================================================
Received Import Request.
  Time since last request: 0.000024 seconds.
  path: Assets/Resources_moved/Models/Materials/Metal_Aluminum_Mat.mat
  artifactKey: Guid(17eeb4fe8ca9ea54bb01dfc2aa48f925) Importer(815301076,1909f56bfc062723c751e8b465ee728b)
Start importing Assets/Resources_moved/Models/Materials/Metal_Aluminum_Mat.mat using Guid(17eeb4fe8ca9ea54bb01dfc2aa48f925) Importer(815301076,1909f56bfc062723c751e8b465ee728b)  -> (artifact id: 'af17917c588608037e31fac5b7a9718f') in 0.364860 seconds 
========================================================================
Received Import Request.
  Time since last request: 0.000084 seconds.
  path: Assets/gui_flat_light/Elements/icons/minus.png
  artifactKey: Guid(87492886bac1da34395b6a69a33fb27f) Importer(815301076,1909f56bfc062723c751e8b465ee728b)
Start importing Assets/gui_flat_light/Elements/icons/minus.png using Guid(87492886bac1da34395b6a69a33fb27f) Importer(815301076,1909f56bfc062723c751e8b465ee728b)  -> (artifact id: '853306a532759d1f64431f7340c9d915') in 0.021611 seconds 
========================================================================
Received Import Request.
  Time since last request: 0.000027 seconds.
  path: Assets/gui_flat_light/Elements/Additional element sizes/icons/icons_256x256px/minus.png
  artifactKey: Guid(681ff5d813f2e5548b9277c1cc1b054a) Importer(815301076,1909f56bfc062723c751e8b465ee728b)
Start importing Assets/gui_flat_light/Elements/Additional element sizes/icons/icons_256x256px/minus.png using Guid(681ff5d813f2e5548b9277c1cc1b054a) Importer(815301076,1909f56bfc062723c751e8b465ee728b)  -> (artifact id: '5108a931487e6682c09b101da37a1f63') in 0.018787 seconds 
========================================================================
Received Import Request.
  Time since last request: 0.000044 seconds.
  path: Assets/gui_flat_light/Elements/Additional element sizes/buttons/circle/128x128px/minus.png
  artifactKey: Guid(066bbe6278d521f4aaf676f768830593) Importer(815301076,1909f56bfc062723c751e8b465ee728b)
Start importing Assets/gui_flat_light/Elements/Additional element sizes/buttons/circle/128x128px/minus.png using Guid(066bbe6278d521f4aaf676f768830593) Importer(815301076,1909f56bfc062723c751e8b465ee728b)  -> (artifact id: 'dc0c6a921a17773da38e03f7c3cd9eb4') in 0.023964 seconds 
========================================================================
Received Import Request.
  Time since last request: 0.000070 seconds.
  path: Assets/gui_flat_light/Elements/Additional element sizes/buttons/circle/256x256px/minus.png
  artifactKey: Guid(82d2747a662440040b45be2ab3e1f946) Importer(815301076,1909f56bfc062723c751e8b465ee728b)
Start importing Assets/gui_flat_light/Elements/Additional element sizes/buttons/circle/256x256px/minus.png using Guid(82d2747a662440040b45be2ab3e1f946) Importer(815301076,1909f56bfc062723c751e8b465ee728b)  -> (artifact id: '6dc0cfdafbe6c5fa89bbb3b87ea54c2f') in 0.034134 seconds 
========================================================================
Received Import Request.
  Time since last request: 0.000024 seconds.
  path: Assets/gui_flat_light/Elements/Additional element sizes/icons/icons_128x128px/minus.png
  artifactKey: Guid(ef395014178e34643bb3be6094db2508) Importer(815301076,1909f56bfc062723c751e8b465ee728b)
Start importing Assets/gui_flat_light/Elements/Additional element sizes/icons/icons_128x128px/minus.png using Guid(ef395014178e34643bb3be6094db2508) Importer(815301076,1909f56bfc062723c751e8b465ee728b)  -> (artifact id: 'c7e0bdbad633efa5ca428c0a0bd73354') in 0.018293 seconds 
========================================================================
Received Import Request.
  Time since last request: 0.000049 seconds.
  path: Assets/gui_flat_light/Elements/Additional element sizes/icons/icons_32x32px/minus.png
  artifactKey: Guid(aeb8d3a6a24ba3c44a349a2cc62397ac) Importer(815301076,1909f56bfc062723c751e8b465ee728b)
Start importing Assets/gui_flat_light/Elements/Additional element sizes/icons/icons_32x32px/minus.png using Guid(aeb8d3a6a24ba3c44a349a2cc62397ac) Importer(815301076,1909f56bfc062723c751e8b465ee728b)  -> (artifact id: 'f627814e8ee9be335bb44afaf4dc9b15') in 0.011917 seconds 
========================================================================
Received Import Request.
  Time since last request: 0.000047 seconds.
  path: Assets/GUI Kit Mono Round/_PNG/19_Function_Button/Button_Line/line_Blue/btn_line_blue_sign_minus.png
  artifactKey: Guid(5cdd79f46cd78418c9058f7a75f1738e) Importer(815301076,1909f56bfc062723c751e8b465ee728b)
Start importing Assets/GUI Kit Mono Round/_PNG/19_Function_Button/Button_Line/line_Blue/btn_line_blue_sign_minus.png using Guid(5cdd79f46cd78418c9058f7a75f1738e) Importer(815301076,1909f56bfc062723c751e8b465ee728b)  -> (artifact id: '57951b953e2271cf895981e0f7805b81') in 0.027855 seconds 
========================================================================
Received Import Request.
  Time since last request: 4.431300 seconds.
  path: Assets/Standard Assets/sky5X/custom_LensFlare/35mmMoonControl.psd
  artifactKey: Guid(e4fd1cdecdf7fe04994c460b6b5cf073) Importer(815301076,1909f56bfc062723c751e8b465ee728b)
Start importing Assets/Standard Assets/sky5X/custom_LensFlare/35mmMoonControl.psd using Guid(e4fd1cdecdf7fe04994c460b6b5cf073) Importer(815301076,1909f56bfc062723c751e8b465ee728b)  -> (artifact id: '39fe722bd292adcbc3b2b9df27c0c422') in 0.050825 seconds 
========================================================================
Received Import Request.
  Time since last request: 0.000073 seconds.
  path: Assets/Standard Assets/Doctor's office/Prefabs/Air conditioner.prefab
  artifactKey: Guid(0486b83442904ef4cbbe6ab9a65d5b7a) Importer(815301076,1909f56bfc062723c751e8b465ee728b)
Start importing Assets/Standard Assets/Doctor's office/Prefabs/Air conditioner.prefab using Guid(0486b83442904ef4cbbe6ab9a65d5b7a) Importer(815301076,1909f56bfc062723c751e8b465ee728b)  -> (artifact id: '7a67dfd9f36b396fdd3e8d90b69bf454') in 0.032385 seconds 
========================================================================
Received Import Request.
  Time since last request: 0.000061 seconds.
  path: Assets/Resources_moved/PlayerAnimartion/Actions_Medication_Preparation_Flacon_SQ.fbx
  artifactKey: Guid(5d3a35796c0f126429e8f6460b6a6ee6) Importer(815301076,1909f56bfc062723c751e8b465ee728b)
Start importing Assets/Resources_moved/PlayerAnimartion/Actions_Medication_Preparation_Flacon_SQ.fbx using Guid(5d3a35796c0f126429e8f6460b6a6ee6) Importer(815301076,1909f56bfc062723c751e8b465ee728b)  -> (artifact id: '090226f5a299528f0c843b9842e94619') in 0.612024 seconds 
========================================================================
Received Import Request.
  Time since last request: 0.000033 seconds.
  path: Assets/Resources/Sprites/nUI/account_Icon.png
  artifactKey: Guid(3ff79349875b84f45845af7a3ea95683) Importer(815301076,1909f56bfc062723c751e8b465ee728b)
Start importing Assets/Resources/Sprites/nUI/account_Icon.png using Guid(3ff79349875b84f45845af7a3ea95683) Importer(815301076,1909f56bfc062723c751e8b465ee728b)  -> (artifact id: '896d4b07397e1ff1b48a12142d9759c1') in 0.026767 seconds 
========================================================================
Received Import Request.
  Time since last request: 0.000044 seconds.
  path: Assets/Resources_moved/PlayerAnimartion/Actions_Gastric_Feeding_Tube.fbx
  artifactKey: Guid(9956adc388f5adf46844649a72d94312) Importer(815301076,1909f56bfc062723c751e8b465ee728b)
Start importing Assets/Resources_moved/PlayerAnimartion/Actions_Gastric_Feeding_Tube.fbx using Guid(9956adc388f5adf46844649a72d94312) Importer(815301076,1909f56bfc062723c751e8b465ee728b)  -> (artifact id: '599b193ebfd59262115debfd9e964a51') in 0.171834 seconds 
========================================================================
Received Import Request.
  Time since last request: 0.000024 seconds.
  path: Assets/Resources_moved/PlayerAnimartion/Actions_Catherisation_Supertubular.fbx
  artifactKey: Guid(715c600cbf41fa5478e666ab0411371a) Importer(815301076,1909f56bfc062723c751e8b465ee728b)
Start importing Assets/Resources_moved/PlayerAnimartion/Actions_Catherisation_Supertubular.fbx using Guid(715c600cbf41fa5478e666ab0411371a) Importer(815301076,1909f56bfc062723c751e8b465ee728b)  -> (artifact id: 'e171010dbc70046758413452e9e011a7') in 0.241704 seconds 
========================================================================
Received Import Request.
  Time since last request: 0.000050 seconds.
  path: Assets/Plugins/IngameDebugConsole/IngameDebugConsole.prefab
  artifactKey: Guid(67117722a812a2e46ab8cb8eafbf5f5e) Importer(815301076,1909f56bfc062723c751e8b465ee728b)
Start importing Assets/Plugins/IngameDebugConsole/IngameDebugConsole.prefab using Guid(67117722a812a2e46ab8cb8eafbf5f5e) Importer(815301076,1909f56bfc062723c751e8b465ee728b)  -> (artifact id: '2f3e09e2dc5ac06790ff6387e1d02c54') in 0.144967 seconds 
========================================================================
Received Import Request.
  Time since last request: 0.000048 seconds.
  path: Assets/Resources/Sprites/nUI/sideButton_Icons.png
  artifactKey: Guid(6005246291284044ba01d2f0a2947cd3) Importer(815301076,1909f56bfc062723c751e8b465ee728b)
Start importing Assets/Resources/Sprites/nUI/sideButton_Icons.png using Guid(6005246291284044ba01d2f0a2947cd3) Importer(815301076,1909f56bfc062723c751e8b465ee728b)  -> (artifact id: '9a277214a954dce056776c11b8ed9f45') in 0.042732 seconds 
========================================================================
Received Import Request.
  Time since last request: 0.000045 seconds.
  path: Assets/myBad Studios/WUSS/Images/StatIconStamina.psd
  artifactKey: Guid(deadeae5a830343259ff90133741a01b) Importer(815301076,1909f56bfc062723c751e8b465ee728b)
Start importing Assets/myBad Studios/WUSS/Images/StatIconStamina.psd using Guid(deadeae5a830343259ff90133741a01b) Importer(815301076,1909f56bfc062723c751e8b465ee728b)  -> (artifact id: 'b92947af80f5f3cecf14fccd6424627f') in 0.022418 seconds 
========================================================================
Received Import Request.
  Time since last request: 0.000040 seconds.
  path: Assets/Resources/Sprites/nUI/filter_icons.png
  artifactKey: Guid(6cfd16fbad3edde2aacbfc50059f7027) Importer(815301076,1909f56bfc062723c751e8b465ee728b)
Start importing Assets/Resources/Sprites/nUI/filter_icons.png using Guid(6cfd16fbad3edde2aacbfc50059f7027) Importer(815301076,1909f56bfc062723c751e8b465ee728b)  -> (artifact id: '62e9a6ce2e08fb5f88a9f8b1fcd3056b') in 0.056625 seconds 
========================================================================
Received Import Request.
  Time since last request: 0.000056 seconds.
  path: Assets/Plugins/IngameDebugConsole/Sprites/IconSnapToBottom.psd
  artifactKey: Guid(066c0b04be98cd348abb79add91d42bf) Importer(815301076,1909f56bfc062723c751e8b465ee728b)
Start importing Assets/Plugins/IngameDebugConsole/Sprites/IconSnapToBottom.psd using Guid(066c0b04be98cd348abb79add91d42bf) Importer(815301076,1909f56bfc062723c751e8b465ee728b)  -> (artifact id: '78db3abb8ecab96cbb08fad278b51e80') in 0.019304 seconds 
========================================================================
Received Import Request.
  Time since last request: 0.000033 seconds.
  path: Assets/Plugins/IngameDebugConsole/Sprites/IconSnapToBottomBg.psd
  artifactKey: Guid(b902f763d0e47364dae25207b7e47800) Importer(815301076,1909f56bfc062723c751e8b465ee728b)
Start importing Assets/Plugins/IngameDebugConsole/Sprites/IconSnapToBottomBg.psd using Guid(b902f763d0e47364dae25207b7e47800) Importer(815301076,1909f56bfc062723c751e8b465ee728b)  -> (artifact id: 'd3301b526178f8e8b83581536bd057a0') in 0.017198 seconds 
========================================================================
Received Prepare
Registering precompiled user dll's ...
Registered in 0.012092 seconds.
Begin MonoManager ReloadAssembly
Native extension for UWP target not found
Native extension for WindowsStandalone target not found
Native extension for Android target not found
Native extension for WebGL target not found
Refreshing native plugins compatible for Editor in 3.37 ms, found 3 plugins.
Preloading 1 native plugins for Editor in 0.06 ms.
Mono: successfully reloaded assembly
- Completed reload, in  2.690 seconds
Domain Reload Profiling:
	ReloadAssembly (2692ms)
		BeginReloadAssembly (433ms)
			ExecutionOrderSort (0ms)
			DisableScriptedObjects (16ms)
			BackupInstance (0ms)
			ReleaseScriptingObjects (0ms)
			CreateAndSetChildDomain (160ms)
		EndReloadAssembly (2053ms)
			LoadAssemblies (236ms)
			RebuildTransferFunctionScriptingTraits (0ms)
			SetupTypeCache (518ms)
			ReleaseScriptCaches (3ms)
			RebuildScriptCaches (83ms)
			SetupLoadedEditorAssemblies (954ms)
				LogAssemblyErrors (0ms)
				InitializePlatformSupportModulesInManaged (46ms)
				SetLoadedEditorAssemblies (1ms)
				RefreshPlugins (4ms)
				BeforeProcessingInitializeOnLoad (131ms)
				ProcessInitializeOnLoadAttributes (520ms)
				ProcessInitializeOnLoadMethodAttributes (238ms)
				AfterProcessingInitializeOnLoad (14ms)
				EditorAssembliesLoaded (0ms)
			ExecutionOrderSort2 (0ms)
			AwakeInstancesAfterBackupRestoration (80ms)
Platform modules already initialized, skipping
Refreshing native plugins compatible for Editor in 7.82 ms, found 3 plugins.
Preloading 1 native plugins for Editor in 0.04 ms.
Unloading 4076 Unused Serialized files (Serialized files now loaded: 0)
Unloading 74 unused Assets / (0.8 MB). Loaded Objects now: 5349.
Memory consumption went from 187.8 MB to 187.0 MB.
Total: 15.029900 ms (FindLiveObjects: 0.387100 ms CreateObjectMapping: 0.307800 ms MarkObjects: 13.927900 ms  DeleteObjects: 0.405700 ms)

AssetImportParameters requested are different than current active one (requested -> active):
  custom:video-decoder-ogg-theora: a1e56fd34408186e4bbccfd4996cb3dc -> 
  custom:container-muxer-webm: aa71ff27fc2769a1b78a27578f13a17b -> 
  custom:container-demuxer-webm: 4f35f7cbe854078d1ac9338744f61a02 -> 
  custom:video-encoder-webm-vp8: eb34c28f22e8b96e1ab97ce403110664 -> 
  custom:audio-encoder-webm-vorbis: bf7c407c2cedff20999df2af8eb42d56 -> 
  custom:framework-win-MediaFoundation: 216162199b28c13a410421893ffa2e32 -> 
  custom:container-demuxer-ogg: 62fdf1f143b41e24485cea50d1cbac27 -> 
  custom:video-decoder-webm-vp8: 9c59270c3fd7afecdb556c50c9e8de78 -> 
  custom:audio-decoder-ogg-vorbis: bf7c407c2cedff20999df2af8eb42d56 -> 
========================================================================
Received Prepare
Registering precompiled user dll's ...
Registered in 0.015658 seconds.
Begin MonoManager ReloadAssembly
Native extension for UWP target not found
Native extension for WindowsStandalone target not found
Native extension for Android target not found
Native extension for WebGL target not found
Refreshing native plugins compatible for Editor in 2.99 ms, found 3 plugins.
Preloading 1 native plugins for Editor in 0.10 ms.
Mono: successfully reloaded assembly
- Completed reload, in  2.978 seconds
Domain Reload Profiling:
	ReloadAssembly (2980ms)
		BeginReloadAssembly (241ms)
			ExecutionOrderSort (0ms)
			DisableScriptedObjects (11ms)
			BackupInstance (0ms)
			ReleaseScriptingObjects (0ms)
			CreateAndSetChildDomain (61ms)
		EndReloadAssembly (2604ms)
			LoadAssemblies (147ms)
			RebuildTransferFunctionScriptingTraits (0ms)
			SetupTypeCache (368ms)
			ReleaseScriptCaches (2ms)
			RebuildScriptCaches (55ms)
			SetupLoadedEditorAssemblies (1527ms)
				LogAssemblyErrors (1ms)
				InitializePlatformSupportModulesInManaged (53ms)
				SetLoadedEditorAssemblies (1ms)
				RefreshPlugins (3ms)
				BeforeProcessingInitializeOnLoad (165ms)
				ProcessInitializeOnLoadAttributes (976ms)
				ProcessInitializeOnLoadMethodAttributes (311ms)
				AfterProcessingInitializeOnLoad (16ms)
				EditorAssembliesLoaded (0ms)
			ExecutionOrderSort2 (0ms)
			AwakeInstancesAfterBackupRestoration (139ms)
Platform modules already initialized, skipping
Refreshing native plugins compatible for Editor in 7.09 ms, found 3 plugins.
Preloading 1 native plugins for Editor in 0.04 ms.
Unloading 4076 Unused Serialized files (Serialized files now loaded: 0)
Unloading 74 unused Assets / (0.7 MB). Loaded Objects now: 5353.
Memory consumption went from 187.8 MB to 187.0 MB.
Total: 14.215300 ms (FindLiveObjects: 0.431400 ms CreateObjectMapping: 0.293700 ms MarkObjects: 13.125800 ms  DeleteObjects: 0.362600 ms)

AssetImportParameters requested are different than current active one (requested -> active):
  custom:video-decoder-ogg-theora: a1e56fd34408186e4bbccfd4996cb3dc -> 
  custom:container-muxer-webm: aa71ff27fc2769a1b78a27578f13a17b -> 
  custom:container-demuxer-webm: 4f35f7cbe854078d1ac9338744f61a02 -> 
  custom:video-encoder-webm-vp8: eb34c28f22e8b96e1ab97ce403110664 -> 
  custom:audio-encoder-webm-vorbis: bf7c407c2cedff20999df2af8eb42d56 -> 
  custom:framework-win-MediaFoundation: 216162199b28c13a410421893ffa2e32 -> 
  custom:container-demuxer-ogg: 62fdf1f143b41e24485cea50d1cbac27 -> 
  custom:video-decoder-webm-vp8: 9c59270c3fd7afecdb556c50c9e8de78 -> 
  custom:audio-decoder-ogg-vorbis: bf7c407c2cedff20999df2af8eb42d56 -> 
========================================================================
Received Prepare
Registering precompiled user dll's ...
Registered in 0.012511 seconds.
Begin MonoManager ReloadAssembly
Native extension for UWP target not found
Native extension for WindowsStandalone target not found
Native extension for Android target not found
Native extension for WebGL target not found
Refreshing native plugins compatible for Editor in 2.07 ms, found 3 plugins.
Preloading 1 native plugins for Editor in 0.05 ms.
Mono: successfully reloaded assembly
- Completed reload, in  1.890 seconds
Domain Reload Profiling:
	ReloadAssembly (1891ms)
		BeginReloadAssembly (275ms)
			ExecutionOrderSort (0ms)
			DisableScriptedObjects (10ms)
			BackupInstance (0ms)
			ReleaseScriptingObjects (0ms)
			CreateAndSetChildDomain (59ms)
		EndReloadAssembly (1474ms)
			LoadAssemblies (133ms)
			RebuildTransferFunctionScriptingTraits (0ms)
			SetupTypeCache (331ms)
			ReleaseScriptCaches (2ms)
			RebuildScriptCaches (54ms)
			SetupLoadedEditorAssemblies (756ms)
				LogAssemblyErrors (0ms)
				InitializePlatformSupportModulesInManaged (31ms)
				SetLoadedEditorAssemblies (1ms)
				RefreshPlugins (2ms)
				BeforeProcessingInitializeOnLoad (95ms)
				ProcessInitializeOnLoadAttributes (405ms)
				ProcessInitializeOnLoadMethodAttributes (213ms)
				AfterProcessingInitializeOnLoad (9ms)
				EditorAssembliesLoaded (0ms)
			ExecutionOrderSort2 (0ms)
			AwakeInstancesAfterBackupRestoration (56ms)
Platform modules already initialized, skipping
Refreshing native plugins compatible for Editor in 7.32 ms, found 3 plugins.
Preloading 1 native plugins for Editor in 0.03 ms.
Unloading 4076 Unused Serialized files (Serialized files now loaded: 0)
Unloading 74 unused Assets / (0.8 MB). Loaded Objects now: 5357.
Memory consumption went from 187.8 MB to 187.0 MB.
Total: 21.510800 ms (FindLiveObjects: 0.928800 ms CreateObjectMapping: 1.456300 ms MarkObjects: 18.686800 ms  DeleteObjects: 0.437200 ms)

AssetImportParameters requested are different than current active one (requested -> active):
  custom:video-decoder-ogg-theora: a1e56fd34408186e4bbccfd4996cb3dc -> 
  custom:container-muxer-webm: aa71ff27fc2769a1b78a27578f13a17b -> 
  custom:container-demuxer-webm: 4f35f7cbe854078d1ac9338744f61a02 -> 
  custom:video-encoder-webm-vp8: eb34c28f22e8b96e1ab97ce403110664 -> 
  custom:audio-encoder-webm-vorbis: bf7c407c2cedff20999df2af8eb42d56 -> 
  custom:framework-win-MediaFoundation: 216162199b28c13a410421893ffa2e32 -> 
  custom:container-demuxer-ogg: 62fdf1f143b41e24485cea50d1cbac27 -> 
  custom:video-decoder-webm-vp8: 9c59270c3fd7afecdb556c50c9e8de78 -> 
  custom:audio-decoder-ogg-vorbis: bf7c407c2cedff20999df2af8eb42d56 -> 
========================================================================
Received Prepare
Registering precompiled user dll's ...
Registered in 0.011662 seconds.
Begin MonoManager ReloadAssembly
Native extension for UWP target not found
Native extension for WindowsStandalone target not found
Native extension for Android target not found
Native extension for WebGL target not found
Refreshing native plugins compatible for Editor in 2.55 ms, found 3 plugins.
Preloading 1 native plugins for Editor in 0.07 ms.
Mono: successfully reloaded assembly
- Completed reload, in  2.280 seconds
Domain Reload Profiling:
	ReloadAssembly (2281ms)
		BeginReloadAssembly (253ms)
			ExecutionOrderSort (0ms)
			DisableScriptedObjects (12ms)
			BackupInstance (0ms)
			ReleaseScriptingObjects (0ms)
			CreateAndSetChildDomain (57ms)
		EndReloadAssembly (1875ms)
			LoadAssemblies (246ms)
			RebuildTransferFunctionScriptingTraits (0ms)
			SetupTypeCache (421ms)
			ReleaseScriptCaches (1ms)
			RebuildScriptCaches (64ms)
			SetupLoadedEditorAssemblies (922ms)
				LogAssemblyErrors (0ms)
				InitializePlatformSupportModulesInManaged (37ms)
				SetLoadedEditorAssemblies (1ms)
				RefreshPlugins (3ms)
				BeforeProcessingInitializeOnLoad (103ms)
				ProcessInitializeOnLoadAttributes (585ms)
				ProcessInitializeOnLoadMethodAttributes (185ms)
				AfterProcessingInitializeOnLoad (9ms)
				EditorAssembliesLoaded (0ms)
			ExecutionOrderSort2 (0ms)
			AwakeInstancesAfterBackupRestoration (61ms)
Platform modules already initialized, skipping
Refreshing native plugins compatible for Editor in 14.29 ms, found 3 plugins.
Preloading 1 native plugins for Editor in 0.12 ms.
Unloading 4076 Unused Serialized files (Serialized files now loaded: 0)
Unloading 74 unused Assets / (0.8 MB). Loaded Objects now: 5361.
Memory consumption went from 187.9 MB to 187.1 MB.
Total: 23.136300 ms (FindLiveObjects: 2.567300 ms CreateObjectMapping: 1.450300 ms MarkObjects: 18.695600 ms  DeleteObjects: 0.421600 ms)

AssetImportParameters requested are different than current active one (requested -> active):
  custom:video-decoder-ogg-theora: a1e56fd34408186e4bbccfd4996cb3dc -> 
  custom:container-muxer-webm: aa71ff27fc2769a1b78a27578f13a17b -> 
  custom:container-demuxer-webm: 4f35f7cbe854078d1ac9338744f61a02 -> 
  custom:video-encoder-webm-vp8: eb34c28f22e8b96e1ab97ce403110664 -> 
  custom:audio-encoder-webm-vorbis: bf7c407c2cedff20999df2af8eb42d56 -> 
  custom:framework-win-MediaFoundation: 216162199b28c13a410421893ffa2e32 -> 
  custom:container-demuxer-ogg: 62fdf1f143b41e24485cea50d1cbac27 -> 
  custom:video-decoder-webm-vp8: 9c59270c3fd7afecdb556c50c9e8de78 -> 
  custom:audio-decoder-ogg-vorbis: bf7c407c2cedff20999df2af8eb42d56 -> 
========================================================================
Received Prepare
Refreshing native plugins compatible for Editor in 17.42 ms, found 3 plugins.
Preloading 1 native plugins for Editor in 0.04 ms.
Unloading 74 Unused Serialized files (Serialized files now loaded: 0)
Unloading 74 unused Assets / (0.8 MB). Loaded Objects now: 5361.
Memory consumption went from 107.6 MB to 106.9 MB.
Total: 22.670900 ms (FindLiveObjects: 0.381400 ms CreateObjectMapping: 0.408100 ms MarkObjects: 21.461700 ms  DeleteObjects: 0.417500 ms)

AssetImportParameters requested are different than current active one (requested -> active):
  custom:video-decoder-ogg-theora: a1e56fd34408186e4bbccfd4996cb3dc -> 
  custom:container-muxer-webm: aa71ff27fc2769a1b78a27578f13a17b -> 
  custom:container-demuxer-webm: 4f35f7cbe854078d1ac9338744f61a02 -> 
  custom:video-encoder-webm-vp8: eb34c28f22e8b96e1ab97ce403110664 -> 
  custom:audio-encoder-webm-vorbis: bf7c407c2cedff20999df2af8eb42d56 -> 
  custom:framework-win-MediaFoundation: 216162199b28c13a410421893ffa2e32 -> 
  custom:container-demuxer-ogg: 62fdf1f143b41e24485cea50d1cbac27 -> 
  custom:video-decoder-webm-vp8: 9c59270c3fd7afecdb556c50c9e8de78 -> 
  custom:audio-decoder-ogg-vorbis: bf7c407c2cedff20999df2af8eb42d56 -> 
========================================================================
Received Prepare
Registering precompiled user dll's ...
Registered in 0.015024 seconds.
Begin MonoManager ReloadAssembly
Native extension for UWP target not found
Native extension for WindowsStandalone target not found
Native extension for Android target not found
Native extension for WebGL target not found
Refreshing native plugins compatible for Editor in 2.55 ms, found 3 plugins.
Preloading 1 native plugins for Editor in 0.08 ms.
Mono: successfully reloaded assembly
- Completed reload, in  2.309 seconds
Domain Reload Profiling:
	ReloadAssembly (2310ms)
		BeginReloadAssembly (318ms)
			ExecutionOrderSort (0ms)
			DisableScriptedObjects (8ms)
			BackupInstance (0ms)
			ReleaseScriptingObjects (0ms)
			CreateAndSetChildDomain (60ms)
		EndReloadAssembly (1822ms)
			LoadAssemblies (233ms)
			RebuildTransferFunctionScriptingTraits (0ms)
			SetupTypeCache (785ms)
			ReleaseScriptCaches (2ms)
			RebuildScriptCaches (61ms)
			SetupLoadedEditorAssemblies (647ms)
				LogAssemblyErrors (0ms)
				InitializePlatformSupportModulesInManaged (32ms)
				SetLoadedEditorAssemblies (2ms)
				RefreshPlugins (3ms)
				BeforeProcessingInitializeOnLoad (90ms)
				ProcessInitializeOnLoadAttributes (340ms)
				ProcessInitializeOnLoadMethodAttributes (172ms)
				AfterProcessingInitializeOnLoad (8ms)
				EditorAssembliesLoaded (0ms)
			ExecutionOrderSort2 (0ms)
			AwakeInstancesAfterBackupRestoration (58ms)
Platform modules already initialized, skipping
Refreshing native plugins compatible for Editor in 7.40 ms, found 3 plugins.
Preloading 1 native plugins for Editor in 0.04 ms.
Unloading 4076 Unused Serialized files (Serialized files now loaded: 0)
Unloading 74 unused Assets / (0.8 MB). Loaded Objects now: 5365.
Memory consumption went from 187.9 MB to 187.1 MB.
Total: 14.599800 ms (FindLiveObjects: 0.407200 ms CreateObjectMapping: 0.284200 ms MarkObjects: 13.519300 ms  DeleteObjects: 0.385300 ms)

AssetImportParameters requested are different than current active one (requested -> active):
  custom:video-decoder-ogg-theora: a1e56fd34408186e4bbccfd4996cb3dc -> 
  custom:container-muxer-webm: aa71ff27fc2769a1b78a27578f13a17b -> 
  custom:container-demuxer-webm: 4f35f7cbe854078d1ac9338744f61a02 -> 
  custom:video-encoder-webm-vp8: eb34c28f22e8b96e1ab97ce403110664 -> 
  custom:audio-encoder-webm-vorbis: bf7c407c2cedff20999df2af8eb42d56 -> 
  custom:framework-win-MediaFoundation: 216162199b28c13a410421893ffa2e32 -> 
  custom:container-demuxer-ogg: 62fdf1f143b41e24485cea50d1cbac27 -> 
  custom:video-decoder-webm-vp8: 9c59270c3fd7afecdb556c50c9e8de78 -> 
  custom:audio-decoder-ogg-vorbis: bf7c407c2cedff20999df2af8eb42d56 -> 
