Using pre-set license
Built from '2021.3/staging' branch; Version is '2021.3.13f1 (9e7d58001ecf) revision 10386776'; Using compiler version '192829333'; Build Type 'Release'
OS: 'Windows 10  (10.0.19044) 64bit Professional' Language: 'en' Physical Memory: 16304 MB
BatchMode: 1, IsHumanControllingUs: 0, StartBugReporterOnCrash: 0, Is64bit: 1, IsPro: 1

COMMAND LINE ARGUMENTS:
C:\Program Files\UnityEditor\2021.3.13f1\Editor\Unity.exe
-adb2
-batchMode
-noUpm
-name
AssetImportWorker0
-projectPath
D:/Projects/care-up/care-up
-logFile
Logs/AssetImportWorker0.log
-srvPort
60392
Successfully changed project path to: D:/Projects/care-up/care-up
D:/Projects/care-up/care-up
[UnityMemory] Configuration Parameters - Can be set up in boot.config
    "memorysetup-bucket-allocator-granularity=16"
    "memorysetup-bucket-allocator-bucket-count=8"
    "memorysetup-bucket-allocator-block-size=33554432"
    "memorysetup-bucket-allocator-block-count=8"
    "memorysetup-main-allocator-block-size=16777216"
    "memorysetup-thread-allocator-block-size=16777216"
    "memorysetup-gfx-main-allocator-block-size=16777216"
    "memorysetup-gfx-thread-allocator-block-size=16777216"
    "memorysetup-cache-allocator-block-size=4194304"
    "memorysetup-typetree-allocator-block-size=2097152"
    "memorysetup-profiler-bucket-allocator-granularity=16"
    "memorysetup-profiler-bucket-allocator-bucket-count=8"
    "memorysetup-profiler-bucket-allocator-block-size=33554432"
    "memorysetup-profiler-bucket-allocator-block-count=8"
    "memorysetup-profiler-allocator-block-size=16777216"
    "memorysetup-profiler-editor-allocator-block-size=1048576"
    "memorysetup-temp-allocator-size-main=16777216"
    "memorysetup-job-temp-allocator-block-size=2097152"
    "memorysetup-job-temp-allocator-block-size-background=1048576"
    "memorysetup-job-temp-allocator-reduction-small-platforms=262144"
    "memorysetup-temp-allocator-size-background-worker=32768"
    "memorysetup-temp-allocator-size-job-worker=262144"
    "memorysetup-temp-allocator-size-preload-manager=33554432"
    "memorysetup-temp-allocator-size-nav-mesh-worker=65536"
    "memorysetup-temp-allocator-size-audio-worker=65536"
    "memorysetup-temp-allocator-size-cloud-worker=32768"
    "memorysetup-temp-allocator-size-gi-baking-worker=262144"
    "memorysetup-temp-allocator-size-gfx=262144"
Refreshing native plugins compatible for Editor in 1070.49 ms, found 4 plugins.
Preloading 1 native plugins for Editor in 6.99 ms.
Initialize engine version: 2021.3.13f1 (9e7d58001ecf)
[Subsystems] Discovering subsystems at path C:/Program Files/UnityEditor/2021.3.13f1/Editor/Data/Resources/UnitySubsystems
[Subsystems] Discovering subsystems at path D:/Projects/care-up/care-up/Assets
GfxDevice: creating device client; threaded=0; jobified=0
Direct3D:
    Version:  Direct3D 11.0 [level 11.1]
    Renderer: NVIDIA GeForce GTX 1060 6GB (ID=0x1c03)
    Vendor:   NVIDIA
    VRAM:     6052 MB
    Driver:   30.0.15.1215
Initialize mono
Mono path[0] = 'C:/Program Files/UnityEditor/2021.3.13f1/Editor/Data/Managed'
Mono path[1] = 'C:/Program Files/UnityEditor/2021.3.13f1/Editor/Data/MonoBleedingEdge/lib/mono/unityjit-win32'
Mono config path = 'C:/Program Files/UnityEditor/2021.3.13f1/Editor/Data/MonoBleedingEdge/etc'
Using monoOptions --debugger-agent=transport=dt_socket,embedding=1,server=y,suspend=n,address=127.0.0.1:56388
Begin MonoManager ReloadAssembly
Registering precompiled unity dll's ...
Register platform support module: C:/Program Files/UnityEditor/2021.3.13f1/Editor/Data/PlaybackEngines/WebGLSupport/UnityEditor.WebGL.Extensions.dll
Register platform support module: C:/Program Files/UnityEditor/2021.3.13f1/Editor/Data/PlaybackEngines/AndroidPlayer/UnityEditor.Android.Extensions.dll
Register platform support module: C:/Program Files/UnityEditor/2021.3.13f1/Editor/Data/PlaybackEngines/WindowsStandaloneSupport/UnityEditor.WindowsStandalone.Extensions.dll
Register platform support module: C:/Program Files/UnityEditor/2021.3.13f1/Editor/Data/PlaybackEngines/LinuxStandaloneSupport/UnityEditor.LinuxStandalone.Extensions.dll
Register platform support module: C:/Program Files/UnityEditor/2021.3.13f1/Editor/Data/PlaybackEngines/MetroSupport/UnityEditor.UWP.Extensions.dll
Registered in 0.011362 seconds.
Native extension for UWP target not found
Native extension for LinuxStandalone target not found
Native extension for WindowsStandalone target not found
Native extension for Android target not found
Native extension for WebGL target not found
Refreshing native plugins compatible for Editor in 176.19 ms, found 4 plugins.
Preloading 1 native plugins for Editor in 0.21 ms.
Mono: successfully reloaded assembly
- Completed reload, in  1.170 seconds
Domain Reload Profiling:
	ReloadAssembly (1170ms)
		BeginReloadAssembly (138ms)
			ExecutionOrderSort (0ms)
			DisableScriptedObjects (0ms)
			BackupInstance (0ms)
			ReleaseScriptingObjects (0ms)
			CreateAndSetChildDomain (1ms)
		EndReloadAssembly (860ms)
			LoadAssemblies (139ms)
			RebuildTransferFunctionScriptingTraits (1ms)
			SetupTypeCache (153ms)
			ReleaseScriptCaches (0ms)
			RebuildScriptCaches (40ms)
			SetupLoadedEditorAssemblies (588ms)
				LogAssemblyErrors (0ms)
				InitializePlatformSupportModulesInManaged (82ms)
				SetLoadedEditorAssemblies (0ms)
				RefreshPlugins (176ms)
				BeforeProcessingInitializeOnLoad (3ms)
				ProcessInitializeOnLoadAttributes (130ms)
				ProcessInitializeOnLoadMethodAttributes (196ms)
				AfterProcessingInitializeOnLoad (0ms)
				EditorAssembliesLoaded (0ms)
			ExecutionOrderSort2 (0ms)
			AwakeInstancesAfterBackupRestoration (0ms)
Platform modules already initialized, skipping
Registering precompiled user dll's ...
Registered in 0.018875 seconds.
Begin MonoManager ReloadAssembly
Native extension for UWP target not found
Native extension for LinuxStandalone target not found
Native extension for WindowsStandalone target not found
Native extension for Android target not found
Native extension for WebGL target not found
Refreshing native plugins compatible for Editor in 3.13 ms, found 4 plugins.
Preloading 1 native plugins for Editor in 0.07 ms.
Package Manager log level set to [2]
Mono: successfully reloaded assembly
- Completed reload, in  9.661 seconds
Domain Reload Profiling:
	ReloadAssembly (9662ms)
		BeginReloadAssembly (250ms)
			ExecutionOrderSort (0ms)
			DisableScriptedObjects (6ms)
			BackupInstance (0ms)
			ReleaseScriptingObjects (0ms)
			CreateAndSetChildDomain (133ms)
		EndReloadAssembly (9138ms)
			LoadAssemblies (6741ms)
			RebuildTransferFunctionScriptingTraits (0ms)
			SetupTypeCache (353ms)
			ReleaseScriptCaches (1ms)
			RebuildScriptCaches (90ms)
			SetupLoadedEditorAssemblies (1778ms)
				LogAssemblyErrors (0ms)
				InitializePlatformSupportModulesInManaged (37ms)
				SetLoadedEditorAssemblies (2ms)
				RefreshPlugins (3ms)
				BeforeProcessingInitializeOnLoad (123ms)
				ProcessInitializeOnLoadAttributes (1432ms)
				ProcessInitializeOnLoadMethodAttributes (171ms)
				AfterProcessingInitializeOnLoad (9ms)
				EditorAssembliesLoaded (0ms)
			ExecutionOrderSort2 (0ms)
			AwakeInstancesAfterBackupRestoration (84ms)
Platform modules already initialized, skipping
========================================================================
Worker process is ready to serve import requests
Launched and connected shader compiler UnityShaderCompiler.exe after 0.07 seconds
Refreshing native plugins compatible for Editor in 3.13 ms, found 4 plugins.
Preloading 1 native plugins for Editor in 0.06 ms.
Unloading 5142 Unused Serialized files (Serialized files now loaded: 0)
Unloading 124 unused Assets / (1.0 MB). Loaded Objects now: 5544.
Memory consumption went from 220.0 MB to 219.0 MB.
Total: 9.475100 ms (FindLiveObjects: 0.503300 ms CreateObjectMapping: 0.546100 ms MarkObjects: 7.876600 ms  DeleteObjects: 0.547700 ms)

AssetImportParameters requested are different than current active one (requested -> active):
  custom:video-decoder-ogg-theora: a1e56fd34408186e4bbccfd4996cb3dc -> 
  custom:container-muxer-webm: aa71ff27fc2769a1b78a27578f13a17b -> 
  custom:container-demuxer-webm: 4f35f7cbe854078d1ac9338744f61a02 -> 
  custom:video-encoder-webm-vp8: eb34c28f22e8b96e1ab97ce403110664 -> 
  custom:audio-encoder-webm-vorbis: bf7c407c2cedff20999df2af8eb42d56 -> 
  custom:framework-win-MediaFoundation: 216162199b28c13a410421893ffa2e32 -> 
  custom:container-demuxer-ogg: 62fdf1f143b41e24485cea50d1cbac27 -> 
  custom:video-decoder-webm-vp8: 9c59270c3fd7afecdb556c50c9e8de78 -> 
  custom:audio-decoder-ogg-vorbis: bf7c407c2cedff20999df2af8eb42d56 -> 
========================================================================
Received Import Request.
  Time since last request: 1136783.499740 seconds.
  path: Assets/CharacterTexture.renderTexture
  artifactKey: Guid(32a9d9b9abe34a54e927ba7e7eb09696) Importer(815301076,1909f56bfc062723c751e8b465ee728b)
Start importing Assets/CharacterTexture.renderTexture using Guid(32a9d9b9abe34a54e927ba7e7eb09696) Importer(815301076,1909f56bfc062723c751e8b465ee728b)  -> (artifact id: '6d3943f908669353ed779cbc169cbe2c') in 0.122660 seconds 
========================================================================
Received Import Request.
  Time since last request: 0.000022 seconds.
  path: Assets/000.preset
  artifactKey: Guid(6ab261f05595141488664bacf5646fee) Importer(815301076,1909f56bfc062723c751e8b465ee728b)
Start importing Assets/000.preset using Guid(6ab261f05595141488664bacf5646fee) Importer(815301076,1909f56bfc062723c751e8b465ee728b)  -> (artifact id: '4d2882b614eaf16c24e885546662579d') in 0.010512 seconds 
========================================================================
Received Import Request.
  Time since last request: 0.000023 seconds.
  path: Assets/CharacterTexture 1.renderTexture
  artifactKey: Guid(fc938afb7eddcc040861e9731c922a50) Importer(815301076,1909f56bfc062723c751e8b465ee728b)
Start importing Assets/CharacterTexture 1.renderTexture using Guid(fc938afb7eddcc040861e9731c922a50) Importer(815301076,1909f56bfc062723c751e8b465ee728b)  -> (artifact id: '2736c45a9438c0c1f0670fa62cf15930') in 0.013466 seconds 
========================================================================
Received Import Request.
  Time since last request: 0.000022 seconds.
  path: Assets/2019-12-10 16_28_11-.png
  artifactKey: Guid(6534268ca03a527468a1afdabbf29835) Importer(815301076,1909f56bfc062723c751e8b465ee728b)
Start importing Assets/2019-12-10 16_28_11-.png using Guid(6534268ca03a527468a1afdabbf29835) Importer(815301076,1909f56bfc062723c751e8b465ee728b)  -> (artifact id: '79c39e0a0baac72d0a5cd79c62a3a0c9') in 0.153566 seconds 
========================================================================
Received Import Request.
  Time since last request: 0.000028 seconds.
  path: Assets/555.preset
  artifactKey: Guid(0d7cc3f06f215fb44967c6f67aa3708e) Importer(815301076,1909f56bfc062723c751e8b465ee728b)
Start importing Assets/555.preset using Guid(0d7cc3f06f215fb44967c6f67aa3708e) Importer(815301076,1909f56bfc062723c751e8b465ee728b)  -> (artifact id: 'ae53e7a0b069b45ec30fb966ff9ec647') in 0.008671 seconds 
========================================================================
Received Import Request.
  Time since last request: 0.000035 seconds.
  path: Assets/New LightmapParameters.giparams
  artifactKey: Guid(45c61242d1c89934e989c2626f648974) Importer(815301076,1909f56bfc062723c751e8b465ee728b)
Start importing Assets/New LightmapParameters.giparams using Guid(45c61242d1c89934e989c2626f648974) Importer(815301076,1909f56bfc062723c751e8b465ee728b)  -> (artifact id: '8c0e690ac217ad2c19060f741e9c67a7') in 0.010565 seconds 
========================================================================
Received Import Request.
  Time since last request: 0.000020 seconds.
  path: Assets/112.mat
  artifactKey: Guid(5caac401dab29b64bb3033442ccc0e71) Importer(815301076,1909f56bfc062723c751e8b465ee728b)
Start importing Assets/112.mat using Guid(5caac401dab29b64bb3033442ccc0e71) Importer(815301076,1909f56bfc062723c751e8b465ee728b)  -> (artifact id: '584b55cfe232e0c8a6cc487a53724b73') in 0.278448 seconds 
========================================================================
Received Import Request.
  Time since last request: 1429.899359 seconds.
  path: Assets/Resources/CareUp_ActionEditor_Icons/blockRequired.png
  artifactKey: Guid(e371abf16bc547742b2b306e0cc203f0) Importer(815301076,1909f56bfc062723c751e8b465ee728b)
Start importing Assets/Resources/CareUp_ActionEditor_Icons/blockRequired.png using Guid(e371abf16bc547742b2b306e0cc203f0) Importer(815301076,1909f56bfc062723c751e8b465ee728b)  -> (artifact id: 'd63d1e85608bf953fca21240ddb8eabc') in 0.032290 seconds 
========================================================================
Received Import Request.
  Time since last request: 0.000028 seconds.
  path: Assets/ToonyTinyPeople/TT_Citizens/model/Male_Citizens_customizable.FBX
  artifactKey: Guid(8ed86b8ef3190a9429964c02eaa4f31c) Importer(815301076,1909f56bfc062723c751e8b465ee728b)
Start importing Assets/ToonyTinyPeople/TT_Citizens/model/Male_Citizens_customizable.FBX using Guid(8ed86b8ef3190a9429964c02eaa4f31c) Importer(815301076,1909f56bfc062723c751e8b465ee728b)  -> (artifact id: 'bae7fcf5fa201d55fd845cab605de5c0') in 6.796302 seconds 
========================================================================
Received Import Request.
  Time since last request: 0.000186 seconds.
  path: Assets/Resources/Sprites/logo-CareUp_New_Onlylogo256.png
  artifactKey: Guid(7f086e30e9797df49b3741a1810757d6) Importer(815301076,1909f56bfc062723c751e8b465ee728b)
Start importing Assets/Resources/Sprites/logo-CareUp_New_Onlylogo256.png using Guid(7f086e30e9797df49b3741a1810757d6) Importer(815301076,1909f56bfc062723c751e8b465ee728b)  -> (artifact id: '7f2a6c09f6bcbfd2cad3ace69837e878') in 0.261644 seconds 
========================================================================
Received Import Request.
  Time since last request: 0.000068 seconds.
  path: Assets/Resources/Models/avatar/w_char.fbx
  artifactKey: Guid(1c36b59bba125ba4aad43dbf7a5e2a42) Importer(815301076,1909f56bfc062723c751e8b465ee728b)
Start importing Assets/Resources/Models/avatar/w_char.fbx using Guid(1c36b59bba125ba4aad43dbf7a5e2a42) Importer(815301076,1909f56bfc062723c751e8b465ee728b)  -> (artifact id: 'b263317814779b440504f7535a66d591') in 1.659074 seconds 
========================================================================
Received Prepare
Registering precompiled user dll's ...
Registered in 0.011550 seconds.
Begin MonoManager ReloadAssembly
Native extension for UWP target not found
Native extension for LinuxStandalone target not found
Native extension for WindowsStandalone target not found
Native extension for Android target not found
Native extension for WebGL target not found
Refreshing native plugins compatible for Editor in 3.01 ms, found 4 plugins.
Preloading 1 native plugins for Editor in 0.06 ms.
Mono: successfully reloaded assembly
- Completed reload, in  2.937 seconds
Domain Reload Profiling:
	ReloadAssembly (2938ms)
		BeginReloadAssembly (251ms)
			ExecutionOrderSort (0ms)
			DisableScriptedObjects (8ms)
			BackupInstance (0ms)
			ReleaseScriptingObjects (0ms)
			CreateAndSetChildDomain (64ms)
		EndReloadAssembly (2544ms)
			LoadAssemblies (135ms)
			RebuildTransferFunctionScriptingTraits (0ms)
			SetupTypeCache (350ms)
			ReleaseScriptCaches (3ms)
			RebuildScriptCaches (97ms)
			SetupLoadedEditorAssemblies (1429ms)
				LogAssemblyErrors (0ms)
				InitializePlatformSupportModulesInManaged (48ms)
				SetLoadedEditorAssemblies (1ms)
				RefreshPlugins (3ms)
				BeforeProcessingInitializeOnLoad (152ms)
				ProcessInitializeOnLoadAttributes (540ms)
				ProcessInitializeOnLoadMethodAttributes (655ms)
				AfterProcessingInitializeOnLoad (30ms)
				EditorAssembliesLoaded (0ms)
			ExecutionOrderSort2 (0ms)
			AwakeInstancesAfterBackupRestoration (230ms)
Platform modules already initialized, skipping
Refreshing native plugins compatible for Editor in 10.41 ms, found 4 plugins.
Preloading 1 native plugins for Editor in 0.04 ms.
Release of invalid GC handle. The handle is from a previous domain. The release operation is skipped.
Unloading 4381 Unused Serialized files (Serialized files now loaded: 0)
Release of invalid GC handle native callstack: 
0x00007ff778f49f0d (Unity) StackWalker::GetCurrentCallstack
0x00007ff778f50be9 (Unity) StackWalker::ShowCallstack
0x00007ff779eb7a83 (Unity) GetStacktrace
0x00007ff778e5481d (Unity) ScriptingGCHandle::ReleaseAndClear
0x00007ff7793dbe6c (Unity) UploadHandlerRaw::`vector deleting destructor'
0x00007ff7793dc98d (Unity) UploadHandler::Release
0x00007ff7793d4f7d (Unity) UnityWebRequestProto<UnityWebRequestTransport,AtomicRefCounter,RedirectHelper,ResponseHelper,DownloadHandler,UploadHandler,CertificateHandler,HeaderHelper,AsyncOperation>::~UnityWebRequestProto<UnityWebRequestTransport,AtomicRefCounter,RedirectHelper,ResponseHelper,DownloadHandler,UploadHandler,CertificateHandler,HeaderHelper,AsyncOperation>
0x00007ff7793d52b0 (Unity) UnityWebRequest::`vector deleting destructor'
0x00007ff7782cbfd7 (Unity) UnityWebRequestProto<UnityWebRequestTransport,AtomicRefCounter,RedirectHelper,ResponseHelper,DownloadHandler,UploadHandler,CertificateHandler,HeaderHelper,AsyncOperation>::Release
0x00007ff7793d69c5 (Unity) UnityWebRequestAsyncOperation::InvokeCoroutine
0x00007ff7793d6ba1 (Unity) UnityWebRequestProto<UnityWebRequestTransport,AtomicRefCounter,RedirectHelper,ResponseHelper,DownloadHandler,UploadHandler,CertificateHandler,HeaderHelper,AsyncOperation>::Job_InvokeCoroutine
0x00007ff778acaa8a (Unity) BackgroundJobQueue::ExecuteMainThreadJobs
0x00007ff778b7003f (Unity) PreloadManager::WaitForAllAsyncOperationsToComplete
0x00007ff77a2660a5 (Unity) <lambda_9de660459e8618354eb514546334764f>::operator()
0x00007ff77a2a5e62 (Unity) asio::detail::completion_handler<core::mutable_function<void __cdecl(void)>,asio::io_context::basic_executor_type<std::allocator<void>,0> >::do_complete
0x00007ff77a291d4e (Unity) asio::detail::win_iocp_io_context::do_one
0x00007ff77a2939b4 (Unity) asio::detail::win_iocp_io_context::run
0x00007ff77a2a424e (Unity) IOService::Run
0x00007ff77a276e5f (Unity) AssetImportWorkerClient::Run
0x00007ff77a240f93 (Unity) RunAssetImportWorkerClientV2
0x00007ff77a24101b (Unity) RunAssetImporterV2
0x00007ff779a61fe8 (Unity) Application::InitializeProject
0x00007ff779ec21c8 (Unity) WinMain
0x00007ff77b2634be (Unity) __scrt_common_main_seh
0x00007fff76907034 (KERNEL32) BaseThreadInitThunk
0x00007fff77ca26a1 (ntdll) RtlUserThreadStart
Unloading 113 unused Assets / (0.8 MB). Loaded Objects now: 5610.
Memory consumption went from 196.7 MB to 196.0 MB.
Total: 10.079600 ms (FindLiveObjects: 0.400500 ms CreateObjectMapping: 0.292100 ms MarkObjects: 9.014900 ms  DeleteObjects: 0.370400 ms)

AssetImportParameters requested are different than current active one (requested -> active):
  custom:video-decoder-ogg-theora: a1e56fd34408186e4bbccfd4996cb3dc -> 
  custom:container-muxer-webm: aa71ff27fc2769a1b78a27578f13a17b -> 
  custom:container-demuxer-webm: 4f35f7cbe854078d1ac9338744f61a02 -> 
  custom:video-encoder-webm-vp8: eb34c28f22e8b96e1ab97ce403110664 -> 
  custom:audio-encoder-webm-vorbis: bf7c407c2cedff20999df2af8eb42d56 -> 
  custom:framework-win-MediaFoundation: 216162199b28c13a410421893ffa2e32 -> 
  custom:container-demuxer-ogg: 62fdf1f143b41e24485cea50d1cbac27 -> 
  custom:video-decoder-webm-vp8: 9c59270c3fd7afecdb556c50c9e8de78 -> 
  custom:audio-decoder-ogg-vorbis: bf7c407c2cedff20999df2af8eb42d56 -> 
========================================================================
Received Import Request.
  Time since last request: 265.400809 seconds.
  path: Assets/Resources/Sprites/nUI/account_Icon.png
  artifactKey: Guid(3ff79349875b84f45845af7a3ea95683) Importer(815301076,1909f56bfc062723c751e8b465ee728b)
Start importing Assets/Resources/Sprites/nUI/account_Icon.png using Guid(3ff79349875b84f45845af7a3ea95683) Importer(815301076,1909f56bfc062723c751e8b465ee728b)  -> (artifact id: '896d4b07397e1ff1b48a12142d9759c1') in 0.098155 seconds 
========================================================================
Received Import Request.
  Time since last request: 0.000027 seconds.
  path: Assets/Resources/Sprites/UI_Sprites_2.png
  artifactKey: Guid(7fa4f30e112e28647af91c5d992899a0) Importer(815301076,1909f56bfc062723c751e8b465ee728b)
Start importing Assets/Resources/Sprites/UI_Sprites_2.png using Guid(7fa4f30e112e28647af91c5d992899a0) Importer(815301076,1909f56bfc062723c751e8b465ee728b)  -> (artifact id: 'ef14d5b561df635ea5df18ddcb0d4a4f') in 0.242024 seconds 
========================================================================
Received Import Request.
  Time since last request: 0.000032 seconds.
  path: Assets/Paroxe/PDFRenderer/Internal/Textures/BookmarkIcon.png
  artifactKey: Guid(d4860d28cc6915b44b06ba7af67ed672) Importer(815301076,1909f56bfc062723c751e8b465ee728b)
Start importing Assets/Paroxe/PDFRenderer/Internal/Textures/BookmarkIcon.png using Guid(d4860d28cc6915b44b06ba7af67ed672) Importer(815301076,1909f56bfc062723c751e8b465ee728b)  -> (artifact id: 'fde43c0a84907733d2671c256415181f') in 0.039700 seconds 
========================================================================
Received Import Request.
  Time since last request: 0.000038 seconds.
  path: Assets/GUI Kit Mono Round/_PNG/04_Lock_Fail_Lose/bottom_icon_home.png
  artifactKey: Guid(aabfcb8746e1947c98ce99ab3ff7db80) Importer(815301076,1909f56bfc062723c751e8b465ee728b)
Start importing Assets/GUI Kit Mono Round/_PNG/04_Lock_Fail_Lose/bottom_icon_home.png using Guid(aabfcb8746e1947c98ce99ab3ff7db80) Importer(815301076,1909f56bfc062723c751e8b465ee728b)  -> (artifact id: '6c0968ecba838664cc3c920fcf53f154') in 0.036543 seconds 
========================================================================
Received Import Request.
  Time since last request: 0.000024 seconds.
  path: Assets/GUI Kit Mono Round/_PNG/05_Stage_Complete_01/bottom_icon_home.png
  artifactKey: Guid(9e7c393b0fca544bbafa5afe9dcb5891) Importer(815301076,1909f56bfc062723c751e8b465ee728b)
Start importing Assets/GUI Kit Mono Round/_PNG/05_Stage_Complete_01/bottom_icon_home.png using Guid(9e7c393b0fca544bbafa5afe9dcb5891) Importer(815301076,1909f56bfc062723c751e8b465ee728b)  -> (artifact id: '1f206571f505dad4bf20ed938582f284') in 0.019152 seconds 
========================================================================
Received Import Request.
  Time since last request: 0.000028 seconds.
  path: Assets/Resources/Sprites/nUI/b_pop_icon.png
  artifactKey: Guid(727acaa2362373041a965c92ed68a710) Importer(815301076,1909f56bfc062723c751e8b465ee728b)
Start importing Assets/Resources/Sprites/nUI/b_pop_icon.png using Guid(727acaa2362373041a965c92ed68a710) Importer(815301076,1909f56bfc062723c751e8b465ee728b)  -> (artifact id: 'be35ec4cdbf09bbd030a564a62f2e7f0') in 0.030281 seconds 
========================================================================
Received Import Request.
  Time since last request: 0.000046 seconds.
  path: Assets/GUI Kit Mono Round/_PNG/05_Stage_Complete_02/bottom_icon_home_white.png
  artifactKey: Guid(689a97e2f661d425ebdbd70945a1b9f7) Importer(815301076,1909f56bfc062723c751e8b465ee728b)
Start importing Assets/GUI Kit Mono Round/_PNG/05_Stage_Complete_02/bottom_icon_home_white.png using Guid(689a97e2f661d425ebdbd70945a1b9f7) Importer(815301076,1909f56bfc062723c751e8b465ee728b)  -> (artifact id: 'c6c6b9e04b729afa2c4fa26a0d8c1ca1') in 0.026114 seconds 
========================================================================
Received Prepare
Registering precompiled user dll's ...
Registered in 0.012146 seconds.
Begin MonoManager ReloadAssembly
Native extension for UWP target not found
Native extension for LinuxStandalone target not found
Native extension for WindowsStandalone target not found
Native extension for Android target not found
Native extension for WebGL target not found
Refreshing native plugins compatible for Editor in 39.02 ms, found 4 plugins.
Preloading 1 native plugins for Editor in 0.08 ms.
Mono: successfully reloaded assembly
- Completed reload, in  2.899 seconds
Domain Reload Profiling:
	ReloadAssembly (2901ms)
		BeginReloadAssembly (292ms)
			ExecutionOrderSort (0ms)
			DisableScriptedObjects (10ms)
			BackupInstance (0ms)
			ReleaseScriptingObjects (0ms)
			CreateAndSetChildDomain (117ms)
		EndReloadAssembly (2442ms)
			LoadAssemblies (165ms)
			RebuildTransferFunctionScriptingTraits (0ms)
			SetupTypeCache (439ms)
			ReleaseScriptCaches (3ms)
			RebuildScriptCaches (123ms)
			SetupLoadedEditorAssemblies (1314ms)
				LogAssemblyErrors (0ms)
				InitializePlatformSupportModulesInManaged (71ms)
				SetLoadedEditorAssemblies (8ms)
				RefreshPlugins (39ms)
				BeforeProcessingInitializeOnLoad (510ms)
				ProcessInitializeOnLoadAttributes (487ms)
				ProcessInitializeOnLoadMethodAttributes (189ms)
				AfterProcessingInitializeOnLoad (11ms)
				EditorAssembliesLoaded (0ms)
			ExecutionOrderSort2 (0ms)
			AwakeInstancesAfterBackupRestoration (131ms)
Platform modules already initialized, skipping
Refreshing native plugins compatible for Editor in 12.32 ms, found 4 plugins.
Preloading 1 native plugins for Editor in 0.03 ms.
Unloading 4378 Unused Serialized files (Serialized files now loaded: 0)
Unloading 113 unused Assets / (0.8 MB). Loaded Objects now: 5628.
Memory consumption went from 196.9 MB to 196.1 MB.
Total: 8.287900 ms (FindLiveObjects: 0.498700 ms CreateObjectMapping: 0.269900 ms MarkObjects: 7.110700 ms  DeleteObjects: 0.407700 ms)

AssetImportParameters requested are different than current active one (requested -> active):
  custom:video-decoder-ogg-theora: a1e56fd34408186e4bbccfd4996cb3dc -> 
  custom:container-muxer-webm: aa71ff27fc2769a1b78a27578f13a17b -> 
  custom:container-demuxer-webm: 4f35f7cbe854078d1ac9338744f61a02 -> 
  custom:video-encoder-webm-vp8: eb34c28f22e8b96e1ab97ce403110664 -> 
  custom:audio-encoder-webm-vorbis: bf7c407c2cedff20999df2af8eb42d56 -> 
  custom:framework-win-MediaFoundation: 216162199b28c13a410421893ffa2e32 -> 
  custom:container-demuxer-ogg: 62fdf1f143b41e24485cea50d1cbac27 -> 
  custom:video-decoder-webm-vp8: 9c59270c3fd7afecdb556c50c9e8de78 -> 
  custom:audio-decoder-ogg-vorbis: bf7c407c2cedff20999df2af8eb42d56 -> 
========================================================================
Received Prepare
Registering precompiled user dll's ...
Registered in 0.012927 seconds.
Begin MonoManager ReloadAssembly
Native extension for UWP target not found
Native extension for LinuxStandalone target not found
Native extension for WindowsStandalone target not found
Native extension for Android target not found
Native extension for WebGL target not found
Refreshing native plugins compatible for Editor in 9.17 ms, found 4 plugins.
Preloading 1 native plugins for Editor in 0.08 ms.
Mono: successfully reloaded assembly
- Completed reload, in  6.242 seconds
Domain Reload Profiling:
	ReloadAssembly (6244ms)
		BeginReloadAssembly (263ms)
			ExecutionOrderSort (0ms)
			DisableScriptedObjects (12ms)
			BackupInstance (0ms)
			ReleaseScriptingObjects (0ms)
			CreateAndSetChildDomain (73ms)
		EndReloadAssembly (5819ms)
			LoadAssemblies (166ms)
			RebuildTransferFunctionScriptingTraits (0ms)
			SetupTypeCache (425ms)
			ReleaseScriptCaches (3ms)
			RebuildScriptCaches (180ms)
			SetupLoadedEditorAssemblies (3750ms)
				LogAssemblyErrors (0ms)
				InitializePlatformSupportModulesInManaged (228ms)
				SetLoadedEditorAssemblies (1ms)
				RefreshPlugins (10ms)
				BeforeProcessingInitializeOnLoad (294ms)
				ProcessInitializeOnLoadAttributes (2175ms)
				ProcessInitializeOnLoadMethodAttributes (1018ms)
				AfterProcessingInitializeOnLoad (24ms)
				EditorAssembliesLoaded (1ms)
			ExecutionOrderSort2 (1ms)
			AwakeInstancesAfterBackupRestoration (293ms)
Platform modules already initialized, skipping
Refreshing native plugins compatible for Editor in 12.09 ms, found 4 plugins.
Preloading 1 native plugins for Editor in 0.04 ms.
Unloading 4378 Unused Serialized files (Serialized files now loaded: 0)
Unloading 113 unused Assets / (0.8 MB). Loaded Objects now: 5632.
Memory consumption went from 196.9 MB to 196.2 MB.
Total: 18.642400 ms (FindLiveObjects: 0.661200 ms CreateObjectMapping: 0.710600 ms MarkObjects: 16.783500 ms  DeleteObjects: 0.485500 ms)

AssetImportParameters requested are different than current active one (requested -> active):
  custom:video-decoder-ogg-theora: a1e56fd34408186e4bbccfd4996cb3dc -> 
  custom:container-muxer-webm: aa71ff27fc2769a1b78a27578f13a17b -> 
  custom:container-demuxer-webm: 4f35f7cbe854078d1ac9338744f61a02 -> 
  custom:video-encoder-webm-vp8: eb34c28f22e8b96e1ab97ce403110664 -> 
  custom:audio-encoder-webm-vorbis: bf7c407c2cedff20999df2af8eb42d56 -> 
  custom:framework-win-MediaFoundation: 216162199b28c13a410421893ffa2e32 -> 
  custom:container-demuxer-ogg: 62fdf1f143b41e24485cea50d1cbac27 -> 
  custom:video-decoder-webm-vp8: 9c59270c3fd7afecdb556c50c9e8de78 -> 
  custom:audio-decoder-ogg-vorbis: bf7c407c2cedff20999df2af8eb42d56 -> 
========================================================================
Received Prepare
Registering precompiled user dll's ...
Registered in 0.011921 seconds.
Begin MonoManager ReloadAssembly
Native extension for UWP target not found
Native extension for LinuxStandalone target not found
Native extension for WindowsStandalone target not found
Native extension for Android target not found
Native extension for WebGL target not found
Refreshing native plugins compatible for Editor in 4.63 ms, found 4 plugins.
Preloading 1 native plugins for Editor in 0.23 ms.
Mono: successfully reloaded assembly
- Completed reload, in  6.557 seconds
Domain Reload Profiling:
	ReloadAssembly (6558ms)
		BeginReloadAssembly (439ms)
			ExecutionOrderSort (0ms)
			DisableScriptedObjects (16ms)
			BackupInstance (0ms)
			ReleaseScriptingObjects (0ms)
			CreateAndSetChildDomain (123ms)
		EndReloadAssembly (5896ms)
			LoadAssemblies (197ms)
			RebuildTransferFunctionScriptingTraits (0ms)
			SetupTypeCache (1087ms)
			ReleaseScriptCaches (11ms)
			RebuildScriptCaches (1868ms)
			SetupLoadedEditorAssemblies (1183ms)
				LogAssemblyErrors (0ms)
				InitializePlatformSupportModulesInManaged (59ms)
				SetLoadedEditorAssemblies (1ms)
				RefreshPlugins (5ms)
				BeforeProcessingInitializeOnLoad (178ms)
				ProcessInitializeOnLoadAttributes (628ms)
				ProcessInitializeOnLoadMethodAttributes (293ms)
				AfterProcessingInitializeOnLoad (17ms)
				EditorAssembliesLoaded (0ms)
			ExecutionOrderSort2 (0ms)
			AwakeInstancesAfterBackupRestoration (220ms)
Platform modules already initialized, skipping
Refreshing native plugins compatible for Editor in 18.43 ms, found 4 plugins.
Preloading 1 native plugins for Editor in 0.04 ms.
Unloading 4378 Unused Serialized files (Serialized files now loaded: 0)
Unloading 113 unused Assets / (0.8 MB). Loaded Objects now: 5636.
Memory consumption went from 197.0 MB to 196.2 MB.
Total: 22.300800 ms (FindLiveObjects: 1.117900 ms CreateObjectMapping: 0.677600 ms MarkObjects: 20.033000 ms  DeleteObjects: 0.470900 ms)

AssetImportParameters requested are different than current active one (requested -> active):
  custom:video-decoder-ogg-theora: a1e56fd34408186e4bbccfd4996cb3dc -> 
  custom:container-muxer-webm: aa71ff27fc2769a1b78a27578f13a17b -> 
  custom:container-demuxer-webm: 4f35f7cbe854078d1ac9338744f61a02 -> 
  custom:video-encoder-webm-vp8: eb34c28f22e8b96e1ab97ce403110664 -> 
  custom:audio-encoder-webm-vorbis: bf7c407c2cedff20999df2af8eb42d56 -> 
  custom:framework-win-MediaFoundation: 216162199b28c13a410421893ffa2e32 -> 
  custom:container-demuxer-ogg: 62fdf1f143b41e24485cea50d1cbac27 -> 
  custom:video-decoder-webm-vp8: 9c59270c3fd7afecdb556c50c9e8de78 -> 
  custom:audio-decoder-ogg-vorbis: bf7c407c2cedff20999df2af8eb42d56 -> 
