Using pre-set license
Built from '2021.3/staging' branch; Version is '2021.3.14f1 (eee1884e7226) revision 15655304'; Using compiler version '192829333'; Build Type 'Release'
OS: 'Windows 10  (10.0.19044) 64bit Professional' Language: 'en' Physical Memory: 16315 MB
BatchMode: 1, IsHumanControllingUs: 0, StartBugReporterOnCrash: 0, Is64bit: 1, IsPro: 1

COMMAND LINE ARGUMENTS:
C:\Program Files\Unity\Hub\Editor\2021.3.14f1\Editor\Unity.exe
-adb2
-batchMode
-noUpm
-name
AssetImportWorker2
-projectPath
D:/GitRepo/care-up/care-up
-logFile
Logs/AssetImportWorker2.log
-srvPort
60102
Successfully changed project path to: D:/GitRepo/care-up/care-up
D:/GitRepo/care-up/care-up
[UnityMemory] Configuration Parameters - Can be set up in boot.config
    "memorysetup-bucket-allocator-granularity=16"
    "memorysetup-bucket-allocator-bucket-count=8"
    "memorysetup-bucket-allocator-block-size=33554432"
    "memorysetup-bucket-allocator-block-count=8"
    "memorysetup-main-allocator-block-size=16777216"
    "memorysetup-thread-allocator-block-size=16777216"
    "memorysetup-gfx-main-allocator-block-size=16777216"
    "memorysetup-gfx-thread-allocator-block-size=16777216"
    "memorysetup-cache-allocator-block-size=4194304"
    "memorysetup-typetree-allocator-block-size=2097152"
    "memorysetup-profiler-bucket-allocator-granularity=16"
    "memorysetup-profiler-bucket-allocator-bucket-count=8"
    "memorysetup-profiler-bucket-allocator-block-size=33554432"
    "memorysetup-profiler-bucket-allocator-block-count=8"
    "memorysetup-profiler-allocator-block-size=16777216"
    "memorysetup-profiler-editor-allocator-block-size=1048576"
    "memorysetup-temp-allocator-size-main=16777216"
    "memorysetup-job-temp-allocator-block-size=2097152"
    "memorysetup-job-temp-allocator-block-size-background=1048576"
    "memorysetup-job-temp-allocator-reduction-small-platforms=262144"
    "memorysetup-temp-allocator-size-background-worker=32768"
    "memorysetup-temp-allocator-size-job-worker=262144"
    "memorysetup-temp-allocator-size-preload-manager=33554432"
    "memorysetup-temp-allocator-size-nav-mesh-worker=65536"
    "memorysetup-temp-allocator-size-audio-worker=65536"
    "memorysetup-temp-allocator-size-cloud-worker=32768"
    "memorysetup-temp-allocator-size-gi-baking-worker=262144"
    "memorysetup-temp-allocator-size-gfx=262144"
Refreshing native plugins compatible for Editor in 335.83 ms, found 3 plugins.
Preloading 1 native plugins for Editor in 1.30 ms.
Initialize engine version: 2021.3.14f1 (eee1884e7226)
[Subsystems] Discovering subsystems at path C:/Program Files/Unity/Hub/Editor/2021.3.14f1/Editor/Data/Resources/UnitySubsystems
[Subsystems] Discovering subsystems at path D:/GitRepo/care-up/care-up/Assets
GfxDevice: creating device client; threaded=0; jobified=0
Direct3D:
    Version:  Direct3D 11.0 [level 11.1]
    Renderer: NVIDIA GeForce GTX 1070 (ID=0x1b81)
    Vendor:   NVIDIA
    VRAM:     8088 MB
    Driver:   31.0.15.1694
Initialize mono
Mono path[0] = 'C:/Program Files/Unity/Hub/Editor/2021.3.14f1/Editor/Data/Managed'
Mono path[1] = 'C:/Program Files/Unity/Hub/Editor/2021.3.14f1/Editor/Data/MonoBleedingEdge/lib/mono/unityjit-win32'
Mono config path = 'C:/Program Files/Unity/Hub/Editor/2021.3.14f1/Editor/Data/MonoBleedingEdge/etc'
Using monoOptions --debugger-agent=transport=dt_socket,embedding=1,server=y,suspend=n,address=127.0.0.1:56400
Begin MonoManager ReloadAssembly
Registering precompiled unity dll's ...
Register platform support module: C:/Program Files/Unity/Hub/Editor/2021.3.14f1/Editor/Data/PlaybackEngines/WebGLSupport/UnityEditor.WebGL.Extensions.dll
Register platform support module: C:/Program Files/Unity/Hub/Editor/2021.3.14f1/Editor/Data/PlaybackEngines/AndroidPlayer/UnityEditor.Android.Extensions.dll
Register platform support module: C:/Program Files/Unity/Hub/Editor/2021.3.14f1/Editor/Data/PlaybackEngines/WindowsStandaloneSupport/UnityEditor.WindowsStandalone.Extensions.dll
Registered in 0.023262 seconds.
Native extension for WindowsStandalone target not found
Native extension for Android target not found
Native extension for WebGL target not found
Refreshing native plugins compatible for Editor in 272.57 ms, found 3 plugins.
Preloading 1 native plugins for Editor in 0.55 ms.
Mono: successfully reloaded assembly
- Completed reload, in  1.570 seconds
Domain Reload Profiling:
	ReloadAssembly (1571ms)
		BeginReloadAssembly (166ms)
			ExecutionOrderSort (0ms)
			DisableScriptedObjects (0ms)
			BackupInstance (0ms)
			ReleaseScriptingObjects (0ms)
			CreateAndSetChildDomain (1ms)
		EndReloadAssembly (1126ms)
			LoadAssemblies (162ms)
			RebuildTransferFunctionScriptingTraits (0ms)
			SetupTypeCache (269ms)
			ReleaseScriptCaches (0ms)
			RebuildScriptCaches (48ms)
			SetupLoadedEditorAssemblies (698ms)
				LogAssemblyErrors (0ms)
				InitializePlatformSupportModulesInManaged (114ms)
				SetLoadedEditorAssemblies (0ms)
				RefreshPlugins (273ms)
				BeforeProcessingInitializeOnLoad (3ms)
				ProcessInitializeOnLoadAttributes (215ms)
				ProcessInitializeOnLoadMethodAttributes (93ms)
				AfterProcessingInitializeOnLoad (0ms)
				EditorAssembliesLoaded (0ms)
			ExecutionOrderSort2 (0ms)
			AwakeInstancesAfterBackupRestoration (0ms)
Platform modules already initialized, skipping
Registering precompiled user dll's ...
Registered in 0.023638 seconds.
Begin MonoManager ReloadAssembly
Native extension for WindowsStandalone target not found
Native extension for Android target not found
Native extension for WebGL target not found
Refreshing native plugins compatible for Editor in 2.97 ms, found 3 plugins.
Preloading 1 native plugins for Editor in 0.08 ms.
Package Manager log level set to [2]
Mono: successfully reloaded assembly
- Completed reload, in 19.512 seconds
Domain Reload Profiling:
	ReloadAssembly (19513ms)
		BeginReloadAssembly (329ms)
			ExecutionOrderSort (0ms)
			DisableScriptedObjects (12ms)
			BackupInstance (0ms)
			ReleaseScriptingObjects (0ms)
			CreateAndSetChildDomain (134ms)
		EndReloadAssembly (18859ms)
			LoadAssemblies (8864ms)
			RebuildTransferFunctionScriptingTraits (0ms)
			SetupTypeCache (1526ms)
			ReleaseScriptCaches (1ms)
			RebuildScriptCaches (127ms)
			SetupLoadedEditorAssemblies (8269ms)
				LogAssemblyErrors (0ms)
				InitializePlatformSupportModulesInManaged (47ms)
				SetLoadedEditorAssemblies (1ms)
				RefreshPlugins (3ms)
				BeforeProcessingInitializeOnLoad (215ms)
				ProcessInitializeOnLoadAttributes (5869ms)
				ProcessInitializeOnLoadMethodAttributes (2117ms)
				AfterProcessingInitializeOnLoad (17ms)
				EditorAssembliesLoaded (0ms)
			ExecutionOrderSort2 (0ms)
			AwakeInstancesAfterBackupRestoration (13ms)
Platform modules already initialized, skipping
========================================================================
Worker process is ready to serve import requests
Launched and connected shader compiler UnityShaderCompiler.exe after 0.15 seconds
Refreshing native plugins compatible for Editor in 2.88 ms, found 3 plugins.
Preloading 1 native plugins for Editor in 0.08 ms.
Unloading 4843 Unused Serialized files (Serialized files now loaded: 0)
Unloading 85 unused Assets / (0.8 MB). Loaded Objects now: 5285.
Memory consumption went from 210.0 MB to 209.2 MB.
Total: 18.193900 ms (FindLiveObjects: 0.543400 ms CreateObjectMapping: 0.207100 ms MarkObjects: 16.848600 ms  DeleteObjects: 0.593200 ms)

AssetImportParameters requested are different than current active one (requested -> active):
  custom:video-decoder-ogg-theora: a1e56fd34408186e4bbccfd4996cb3dc -> 
  custom:container-muxer-webm: aa71ff27fc2769a1b78a27578f13a17b -> 
  custom:container-demuxer-webm: 4f35f7cbe854078d1ac9338744f61a02 -> 
  custom:video-encoder-webm-vp8: eb34c28f22e8b96e1ab97ce403110664 -> 
  custom:video-codec-MediaFoundation-h265: 746d11721c4dcdbdad8f713fa42b33f4 -> 
  custom:audio-encoder-webm-vorbis: bf7c407c2cedff20999df2af8eb42d56 -> 
  custom:framework-win-MediaFoundation: 216162199b28c13a410421893ffa2e32 -> 
  custom:container-demuxer-ogg: 62fdf1f143b41e24485cea50d1cbac27 -> 
  custom:video-decoder-webm-vp8: 9c59270c3fd7afecdb556c50c9e8de78 -> 
  custom:audio-decoder-ogg-vorbis: bf7c407c2cedff20999df2af8eb42d56 -> 
========================================================================
Received Import Request.
  Time since last request: 3026.051527 seconds.
  path: Assets/Scenes/Scenes_FeedingWithPump_In_House.unity
  artifactKey: Guid(f78d424bc60d52a40bd04d13168cea4d) Importer(815301076,1909f56bfc062723c751e8b465ee728b)
Start importing Assets/Scenes/Scenes_FeedingWithPump_In_House.unity using Guid(f78d424bc60d52a40bd04d13168cea4d) Importer(815301076,1909f56bfc062723c751e8b465ee728b)  -> (artifact id: 'e81ebc0030eb434a7045471948673d37') in 0.020192 seconds 
========================================================================
Received Prepare
Registering precompiled user dll's ...
Registered in 0.015613 seconds.
Begin MonoManager ReloadAssembly
Native extension for WindowsStandalone target not found
Native extension for Android target not found
Native extension for WebGL target not found
Refreshing native plugins compatible for Editor in 3.12 ms, found 3 plugins.
Preloading 1 native plugins for Editor in 0.08 ms.
Mono: successfully reloaded assembly
- Completed reload, in  2.769 seconds
Domain Reload Profiling:
	ReloadAssembly (2771ms)
		BeginReloadAssembly (318ms)
			ExecutionOrderSort (0ms)
			DisableScriptedObjects (14ms)
			BackupInstance (0ms)
			ReleaseScriptingObjects (0ms)
			CreateAndSetChildDomain (80ms)
		EndReloadAssembly (2236ms)
			LoadAssemblies (187ms)
			RebuildTransferFunctionScriptingTraits (0ms)
			SetupTypeCache (511ms)
			ReleaseScriptCaches (3ms)
			RebuildScriptCaches (131ms)
			SetupLoadedEditorAssemblies (1096ms)
				LogAssemblyErrors (0ms)
				InitializePlatformSupportModulesInManaged (49ms)
				SetLoadedEditorAssemblies (1ms)
				RefreshPlugins (3ms)
				BeforeProcessingInitializeOnLoad (189ms)
				ProcessInitializeOnLoadAttributes (595ms)
				ProcessInitializeOnLoadMethodAttributes (235ms)
				AfterProcessingInitializeOnLoad (23ms)
				EditorAssembliesLoaded (0ms)
			ExecutionOrderSort2 (0ms)
			AwakeInstancesAfterBackupRestoration (85ms)
Platform modules already initialized, skipping
Refreshing native plugins compatible for Editor in 12.60 ms, found 3 plugins.
Preloading 1 native plugins for Editor in 0.06 ms.
Unloading 4077 Unused Serialized files (Serialized files now loaded: 0)
Unloading 74 unused Assets / (0.8 MB). Loaded Objects now: 5289.
Memory consumption went from 185.9 MB to 185.2 MB.
Total: 32.055300 ms (FindLiveObjects: 0.913600 ms CreateObjectMapping: 0.672300 ms MarkObjects: 29.635400 ms  DeleteObjects: 0.831500 ms)

AssetImportParameters requested are different than current active one (requested -> active):
  custom:video-decoder-ogg-theora: a1e56fd34408186e4bbccfd4996cb3dc -> 
  custom:container-muxer-webm: aa71ff27fc2769a1b78a27578f13a17b -> 
  custom:container-demuxer-webm: 4f35f7cbe854078d1ac9338744f61a02 -> 
  custom:video-encoder-webm-vp8: eb34c28f22e8b96e1ab97ce403110664 -> 
  custom:video-codec-MediaFoundation-h265: 746d11721c4dcdbdad8f713fa42b33f4 -> 
  custom:audio-encoder-webm-vorbis: bf7c407c2cedff20999df2af8eb42d56 -> 
  custom:framework-win-MediaFoundation: 216162199b28c13a410421893ffa2e32 -> 
  custom:container-demuxer-ogg: 62fdf1f143b41e24485cea50d1cbac27 -> 
  custom:video-decoder-webm-vp8: 9c59270c3fd7afecdb556c50c9e8de78 -> 
  custom:audio-decoder-ogg-vorbis: bf7c407c2cedff20999df2af8eb42d56 -> 
========================================================================
Received Import Request.
  Time since last request: 210.005674 seconds.
  path: Assets/Scenes/Scenes_CleaningTracheaInnerCannula_In_House.unity
  artifactKey: Guid(cbb905ddbbada4948be3140efcddf70d) Importer(815301076,1909f56bfc062723c751e8b465ee728b)
Start importing Assets/Scenes/Scenes_CleaningTracheaInnerCannula_In_House.unity using Guid(cbb905ddbbada4948be3140efcddf70d) Importer(815301076,1909f56bfc062723c751e8b465ee728b)  -> (artifact id: '75d30f880b358a91a4a59012e5428a1d') in 0.030055 seconds 
========================================================================
Received Import Request.
  Time since last request: 225.167688 seconds.
  path: Assets/Scenes/Scenes_WoundCare_In_House.unity
  artifactKey: Guid(36af09d930394274b9dc573f3cb2a9ef) Importer(815301076,1909f56bfc062723c751e8b465ee728b)
Start importing Assets/Scenes/Scenes_WoundCare_In_House.unity using Guid(36af09d930394274b9dc573f3cb2a9ef) Importer(815301076,1909f56bfc062723c751e8b465ee728b)  -> (artifact id: '3cc7a3716e7a3c55934c42399a53c086') in 0.011148 seconds 
========================================================================
Received Import Request.
  Time since last request: 16.234814 seconds.
  path: Assets/Scenes/Scenes_CleaningTracheaInnerCannula_In_House.unity
  artifactKey: Guid(cbb905ddbbada4948be3140efcddf70d) Importer(815301076,1909f56bfc062723c751e8b465ee728b)
Start importing Assets/Scenes/Scenes_CleaningTracheaInnerCannula_In_House.unity using Guid(cbb905ddbbada4948be3140efcddf70d) Importer(815301076,1909f56bfc062723c751e8b465ee728b)  -> (artifact id: 'ff33c9b3743a4dcd761d3704e5445ee6') in 0.002949 seconds 
========================================================================
Received Import Request.
  Time since last request: 41.794144 seconds.
  path: Assets/Scenes/Scenes_CleaningTracheaInnerCannula_In_House.unity
  artifactKey: Guid(cbb905ddbbada4948be3140efcddf70d) Importer(815301076,1909f56bfc062723c751e8b465ee728b)
Start importing Assets/Scenes/Scenes_CleaningTracheaInnerCannula_In_House.unity using Guid(cbb905ddbbada4948be3140efcddf70d) Importer(815301076,1909f56bfc062723c751e8b465ee728b)  -> (artifact id: '078220e31fc95d8e78f56a7c078e9348') in 0.003246 seconds 
========================================================================
Received Import Request.
  Time since last request: 14.725017 seconds.
  path: Assets/Scenes/Scene_Insert_Infusion_In_House.unity
  artifactKey: Guid(158d3c375a9b24e4ab06a89edfcbbe58) Importer(815301076,1909f56bfc062723c751e8b465ee728b)
Start importing Assets/Scenes/Scene_Insert_Infusion_In_House.unity using Guid(158d3c375a9b24e4ab06a89edfcbbe58) Importer(815301076,1909f56bfc062723c751e8b465ee728b)  -> (artifact id: 'fb4282e4821bbfc8778e20f3cdd6835b') in 0.008701 seconds 
========================================================================
Received Prepare
Registering precompiled user dll's ...
Registered in 0.018332 seconds.
Begin MonoManager ReloadAssembly
Native extension for WindowsStandalone target not found
Native extension for Android target not found
Native extension for WebGL target not found
Refreshing native plugins compatible for Editor in 3.22 ms, found 3 plugins.
Preloading 1 native plugins for Editor in 0.08 ms.
Mono: successfully reloaded assembly
- Completed reload, in  2.790 seconds
Domain Reload Profiling:
	ReloadAssembly (2791ms)
		BeginReloadAssembly (309ms)
			ExecutionOrderSort (0ms)
			DisableScriptedObjects (14ms)
			BackupInstance (0ms)
			ReleaseScriptingObjects (0ms)
			CreateAndSetChildDomain (67ms)
		EndReloadAssembly (2278ms)
			LoadAssemblies (198ms)
			RebuildTransferFunctionScriptingTraits (0ms)
			SetupTypeCache (534ms)
			ReleaseScriptCaches (3ms)
			RebuildScriptCaches (130ms)
			SetupLoadedEditorAssemblies (1089ms)
				LogAssemblyErrors (0ms)
				InitializePlatformSupportModulesInManaged (50ms)
				SetLoadedEditorAssemblies (1ms)
				RefreshPlugins (3ms)
				BeforeProcessingInitializeOnLoad (192ms)
				ProcessInitializeOnLoadAttributes (571ms)
				ProcessInitializeOnLoadMethodAttributes (250ms)
				AfterProcessingInitializeOnLoad (21ms)
				EditorAssembliesLoaded (0ms)
			ExecutionOrderSort2 (0ms)
			AwakeInstancesAfterBackupRestoration (86ms)
Platform modules already initialized, skipping
Refreshing native plugins compatible for Editor in 9.69 ms, found 3 plugins.
Preloading 1 native plugins for Editor in 0.06 ms.
Unloading 4077 Unused Serialized files (Serialized files now loaded: 0)
Unloading 74 unused Assets / (0.8 MB). Loaded Objects now: 5293.
Memory consumption went from 186.0 MB to 185.2 MB.
Total: 18.024700 ms (FindLiveObjects: 0.455300 ms CreateObjectMapping: 0.176500 ms MarkObjects: 16.832100 ms  DeleteObjects: 0.559000 ms)

AssetImportParameters requested are different than current active one (requested -> active):
  custom:video-decoder-ogg-theora: a1e56fd34408186e4bbccfd4996cb3dc -> 
  custom:container-muxer-webm: aa71ff27fc2769a1b78a27578f13a17b -> 
  custom:container-demuxer-webm: 4f35f7cbe854078d1ac9338744f61a02 -> 
  custom:video-encoder-webm-vp8: eb34c28f22e8b96e1ab97ce403110664 -> 
  custom:video-codec-MediaFoundation-h265: 746d11721c4dcdbdad8f713fa42b33f4 -> 
  custom:audio-encoder-webm-vorbis: bf7c407c2cedff20999df2af8eb42d56 -> 
  custom:framework-win-MediaFoundation: 216162199b28c13a410421893ffa2e32 -> 
  custom:container-demuxer-ogg: 62fdf1f143b41e24485cea50d1cbac27 -> 
  custom:video-decoder-webm-vp8: 9c59270c3fd7afecdb556c50c9e8de78 -> 
  custom:audio-decoder-ogg-vorbis: bf7c407c2cedff20999df2af8eb42d56 -> 
========================================================================
Received Prepare
Registering precompiled user dll's ...
Registered in 0.015315 seconds.
Begin MonoManager ReloadAssembly
Native extension for WindowsStandalone target not found
Native extension for Android target not found
Native extension for WebGL target not found
Refreshing native plugins compatible for Editor in 4.97 ms, found 3 plugins.
Preloading 1 native plugins for Editor in 0.11 ms.
Mono: successfully reloaded assembly
- Completed reload, in  2.977 seconds
Domain Reload Profiling:
	ReloadAssembly (2979ms)
		BeginReloadAssembly (271ms)
			ExecutionOrderSort (0ms)
			DisableScriptedObjects (14ms)
			BackupInstance (0ms)
			ReleaseScriptingObjects (0ms)
			CreateAndSetChildDomain (61ms)
		EndReloadAssembly (2506ms)
			LoadAssemblies (170ms)
			RebuildTransferFunctionScriptingTraits (0ms)
			SetupTypeCache (503ms)
			ReleaseScriptCaches (3ms)
			RebuildScriptCaches (172ms)
			SetupLoadedEditorAssemblies (1242ms)
				LogAssemblyErrors (0ms)
				InitializePlatformSupportModulesInManaged (66ms)
				SetLoadedEditorAssemblies (1ms)
				RefreshPlugins (5ms)
				BeforeProcessingInitializeOnLoad (212ms)
				ProcessInitializeOnLoadAttributes (653ms)
				ProcessInitializeOnLoadMethodAttributes (286ms)
				AfterProcessingInitializeOnLoad (18ms)
				EditorAssembliesLoaded (0ms)
			ExecutionOrderSort2 (0ms)
			AwakeInstancesAfterBackupRestoration (123ms)
Platform modules already initialized, skipping
Refreshing native plugins compatible for Editor in 10.05 ms, found 3 plugins.
Preloading 1 native plugins for Editor in 0.06 ms.
Unloading 4077 Unused Serialized files (Serialized files now loaded: 0)
Unloading 74 unused Assets / (0.8 MB). Loaded Objects now: 5297.
Memory consumption went from 186.0 MB to 185.2 MB.
Total: 19.691300 ms (FindLiveObjects: 0.541200 ms CreateObjectMapping: 0.224100 ms MarkObjects: 18.311300 ms  DeleteObjects: 0.612800 ms)

AssetImportParameters requested are different than current active one (requested -> active):
  custom:video-decoder-ogg-theora: a1e56fd34408186e4bbccfd4996cb3dc -> 
  custom:container-muxer-webm: aa71ff27fc2769a1b78a27578f13a17b -> 
  custom:container-demuxer-webm: 4f35f7cbe854078d1ac9338744f61a02 -> 
  custom:video-encoder-webm-vp8: eb34c28f22e8b96e1ab97ce403110664 -> 
  custom:video-codec-MediaFoundation-h265: 746d11721c4dcdbdad8f713fa42b33f4 -> 
  custom:audio-encoder-webm-vorbis: bf7c407c2cedff20999df2af8eb42d56 -> 
  custom:framework-win-MediaFoundation: 216162199b28c13a410421893ffa2e32 -> 
  custom:container-demuxer-ogg: 62fdf1f143b41e24485cea50d1cbac27 -> 
  custom:video-decoder-webm-vp8: 9c59270c3fd7afecdb556c50c9e8de78 -> 
  custom:audio-decoder-ogg-vorbis: bf7c407c2cedff20999df2af8eb42d56 -> 
========================================================================
Received Import Request.
  Time since last request: 112.788856 seconds.
  path: Assets/Scenes/Scenes_Bandaging_In_House.unity
  artifactKey: Guid(014448246bb52094db539a54c827617b) Importer(815301076,1909f56bfc062723c751e8b465ee728b)
Start importing Assets/Scenes/Scenes_Bandaging_In_House.unity using Guid(014448246bb52094db539a54c827617b) Importer(815301076,1909f56bfc062723c751e8b465ee728b)  -> (artifact id: '7dd6b99833a0cedbe10848a01804846c') in 0.033878 seconds 
========================================================================
Received Import Request.
  Time since last request: 27.931863 seconds.
  path: Packages/com.unity.timeline/Editor/StyleSheets/Images/Icons/TrackLockButtonEnabled.png
  artifactKey: Guid(cf575301f1e76c4478de0e77db15eba0) Importer(815301076,1909f56bfc062723c751e8b465ee728b)
Start importing Packages/com.unity.timeline/Editor/StyleSheets/Images/Icons/TrackLockButtonEnabled.png using Guid(cf575301f1e76c4478de0e77db15eba0) Importer(815301076,1909f56bfc062723c751e8b465ee728b)  -> (artifact id: '5cf4767436a9da9c08d28fdd69c9a468') in 0.218144 seconds 
========================================================================
Received Import Request.
  Time since last request: 0.000042 seconds.
  path: Assets/GUI Kit Mono Round/_PNG/19_Function_Button/Button_Line/line_White/btn_line_white_cny.png
  artifactKey: Guid(4564e55481d64464c9a48347170ce742) Importer(815301076,1909f56bfc062723c751e8b465ee728b)
Start importing Assets/GUI Kit Mono Round/_PNG/19_Function_Button/Button_Line/line_White/btn_line_white_cny.png using Guid(4564e55481d64464c9a48347170ce742) Importer(815301076,1909f56bfc062723c751e8b465ee728b)  -> (artifact id: 'fc3249fa43824c19ce82b37b88c3d075') in 0.236817 seconds 
========================================================================
Received Import Request.
  Time since last request: 0.000066 seconds.
  path: Assets/GUI Kit Mono Round/_PNG/19_Function_Button/Button_Line/line_White/btn_line_white_sound_off.png
  artifactKey: Guid(6084558ddf5924465825074e0e30eaee) Importer(815301076,1909f56bfc062723c751e8b465ee728b)
Start importing Assets/GUI Kit Mono Round/_PNG/19_Function_Button/Button_Line/line_White/btn_line_white_sound_off.png using Guid(6084558ddf5924465825074e0e30eaee) Importer(815301076,1909f56bfc062723c751e8b465ee728b)  -> (artifact id: 'fe58db257bd530aa62c2cc656ce5261d') in 0.131730 seconds 
========================================================================
Received Import Request.
  Time since last request: 0.000029 seconds.
  path: Assets/GUI Kit Mono Round/_PNG/19_Function_Button/Button_Line/line_Black/btn_line_black_money.png
  artifactKey: Guid(6f1c21a7d8d80498db9c6ef778a80374) Importer(815301076,1909f56bfc062723c751e8b465ee728b)
Start importing Assets/GUI Kit Mono Round/_PNG/19_Function_Button/Button_Line/line_Black/btn_line_black_money.png using Guid(6f1c21a7d8d80498db9c6ef778a80374) Importer(815301076,1909f56bfc062723c751e8b465ee728b)  -> (artifact id: 'f8c208e4e4224eed3e4d71365c34afaa') in 0.102530 seconds 
========================================================================
Received Import Request.
  Time since last request: 0.000032 seconds.
  path: Assets/GUI Kit Mono Round/_PNG/19_Function_Button/Button_Line/line_Black/btn_line_black_add.png
  artifactKey: Guid(017b5d68eefca4726ab1c8f1e85b603e) Importer(815301076,1909f56bfc062723c751e8b465ee728b)
Start importing Assets/GUI Kit Mono Round/_PNG/19_Function_Button/Button_Line/line_Black/btn_line_black_add.png using Guid(017b5d68eefca4726ab1c8f1e85b603e) Importer(815301076,1909f56bfc062723c751e8b465ee728b)  -> (artifact id: 'd2b95e2c26d8a1f0d705cef3712e626c') in 0.126973 seconds 
========================================================================
Received Import Request.
  Time since last request: 0.000055 seconds.
  path: Assets/GUI Kit Mono Round/_PNG/19_Function_Button/Button_Line/line_Black/btn_line_black_arrow_prev.png
  artifactKey: Guid(c93c619bbeeb641d7945772095e71dd3) Importer(815301076,1909f56bfc062723c751e8b465ee728b)
Start importing Assets/GUI Kit Mono Round/_PNG/19_Function_Button/Button_Line/line_Black/btn_line_black_arrow_prev.png using Guid(c93c619bbeeb641d7945772095e71dd3) Importer(815301076,1909f56bfc062723c751e8b465ee728b)  -> (artifact id: '71c737a22092d5f62d97bb9b10978e15') in 0.094413 seconds 
========================================================================
Received Import Request.
  Time since last request: 0.000031 seconds.
  path: Assets/GUI Kit Mono Round/_PNG/19_Function_Button/Button_Line/line_Black/btn_line_black_planet.png
  artifactKey: Guid(e70edbb6544444db497e64050f27a831) Importer(815301076,1909f56bfc062723c751e8b465ee728b)
Start importing Assets/GUI Kit Mono Round/_PNG/19_Function_Button/Button_Line/line_Black/btn_line_black_planet.png using Guid(e70edbb6544444db497e64050f27a831) Importer(815301076,1909f56bfc062723c751e8b465ee728b)  -> (artifact id: 'ed5fe55e7232f77480d2566733cd672a') in 0.079534 seconds 
========================================================================
Received Import Request.
  Time since last request: 0.000035 seconds.
  path: Assets/GUI Kit Mono Round/_PNG/19_Function_Button/Button_Line/line_White/btn_line_white_screen_reduce.png
  artifactKey: Guid(47769d43988fb4d689366f71ae135f6e) Importer(815301076,1909f56bfc062723c751e8b465ee728b)
Start importing Assets/GUI Kit Mono Round/_PNG/19_Function_Button/Button_Line/line_White/btn_line_white_screen_reduce.png using Guid(47769d43988fb4d689366f71ae135f6e) Importer(815301076,1909f56bfc062723c751e8b465ee728b)  -> (artifact id: '06b8b169f7adc50e16b6067d6f9e56d7') in 0.134666 seconds 
========================================================================
Received Import Request.
  Time since last request: 0.000045 seconds.
  path: Assets/GUI Kit Mono Round/_PNG/19_Function_Button/Button_Line/line_White/btn_line_white_book.png
  artifactKey: Guid(bcab59399b6734f1e92633e9c46fb595) Importer(815301076,1909f56bfc062723c751e8b465ee728b)
Start importing Assets/GUI Kit Mono Round/_PNG/19_Function_Button/Button_Line/line_White/btn_line_white_book.png using Guid(bcab59399b6734f1e92633e9c46fb595) Importer(815301076,1909f56bfc062723c751e8b465ee728b)  -> (artifact id: '00509e552c8ef99210b2d925d970d832') in 0.102526 seconds 
========================================================================
Received Import Request.
  Time since last request: 0.000032 seconds.
  path: Assets/GUI Kit Mono Round/_PNG/19_Function_Button/Button_Line/line_Black/btn_line_black_cloud.png
  artifactKey: Guid(fc11b144fc37a4573a7d3b353ddde56e) Importer(815301076,1909f56bfc062723c751e8b465ee728b)
Start importing Assets/GUI Kit Mono Round/_PNG/19_Function_Button/Button_Line/line_Black/btn_line_black_cloud.png using Guid(fc11b144fc37a4573a7d3b353ddde56e) Importer(815301076,1909f56bfc062723c751e8b465ee728b)  -> (artifact id: '1cef101bd11d0d266fd207da824be37f') in 0.044257 seconds 
========================================================================
Received Import Request.
  Time since last request: 0.000029 seconds.
  path: Assets/Resources_moved/Textures/BlankedRolled_Diff_High 4.jpg
  artifactKey: Guid(68c2689db11a9104b96854856ea419a1) Importer(815301076,1909f56bfc062723c751e8b465ee728b)
Start importing Assets/Resources_moved/Textures/BlankedRolled_Diff_High 4.jpg using Guid(68c2689db11a9104b96854856ea419a1) Importer(815301076,1909f56bfc062723c751e8b465ee728b)  -> (artifact id: 'bcc14fd0551baa3c6372c205c874615f') in 0.160454 seconds 
========================================================================
Received Import Request.
  Time since last request: 0.000029 seconds.
  path: Assets/GUI Kit Mono Round/_PNG/19_Function_Button/Button_Line/line_Black/btn_line_black_rocket.png
  artifactKey: Guid(34a9e2156e5c14e93873ac91409a4d20) Importer(815301076,1909f56bfc062723c751e8b465ee728b)
Start importing Assets/GUI Kit Mono Round/_PNG/19_Function_Button/Button_Line/line_Black/btn_line_black_rocket.png using Guid(34a9e2156e5c14e93873ac91409a4d20) Importer(815301076,1909f56bfc062723c751e8b465ee728b)  -> (artifact id: 'aeb58a272b9ab2e86d4ec01f3b4992d6') in 0.057922 seconds 
========================================================================
Received Import Request.
  Time since last request: 0.000044 seconds.
  path: Assets/GUI Kit Mono Round/_PNG/19_Function_Button/Button_Line/line_Black/btn_line_black_mobile.png
  artifactKey: Guid(fc4f769c345524e8ea1bbebc6868305d) Importer(815301076,1909f56bfc062723c751e8b465ee728b)
Start importing Assets/GUI Kit Mono Round/_PNG/19_Function_Button/Button_Line/line_Black/btn_line_black_mobile.png using Guid(fc4f769c345524e8ea1bbebc6868305d) Importer(815301076,1909f56bfc062723c751e8b465ee728b)  -> (artifact id: '79e1dad21ec7b5beeb33fa34f7425318') in 0.071574 seconds 
========================================================================
Received Import Request.
  Time since last request: 0.000031 seconds.
  path: Assets/GUI Kit Mono Round/_PNG/19_Function_Button/Button_Line/line_Black/btn_line_black_attachment.png
  artifactKey: Guid(572c523bad1984bd4be689612551228a) Importer(815301076,1909f56bfc062723c751e8b465ee728b)
Start importing Assets/GUI Kit Mono Round/_PNG/19_Function_Button/Button_Line/line_Black/btn_line_black_attachment.png using Guid(572c523bad1984bd4be689612551228a) Importer(815301076,1909f56bfc062723c751e8b465ee728b)  -> (artifact id: '6cc71eafcdbc79d3bde3e086602ac4f2') in 0.062667 seconds 
========================================================================
Received Import Request.
  Time since last request: 0.000037 seconds.
  path: Assets/GUI Kit Mono Round/_PNG/19_Function_Button/Button_Icon/btn_icon_woman.png
  artifactKey: Guid(a6500e9ae242d432d9b6955adece6bb6) Importer(815301076,1909f56bfc062723c751e8b465ee728b)
Start importing Assets/GUI Kit Mono Round/_PNG/19_Function_Button/Button_Icon/btn_icon_woman.png using Guid(a6500e9ae242d432d9b6955adece6bb6) Importer(815301076,1909f56bfc062723c751e8b465ee728b)  -> (artifact id: 'a3bfc78b6d6a373170f386503acfc0a9') in 0.080819 seconds 
========================================================================
Received Import Request.
  Time since last request: 0.000052 seconds.
  path: Assets/GUI Kit Mono Round/_PNG/19_Function_Button/Button_Line/line_Black/btn_line_black_music_2.png
  artifactKey: Guid(07195ae07c3d1407681155cf4559582f) Importer(815301076,1909f56bfc062723c751e8b465ee728b)
Start importing Assets/GUI Kit Mono Round/_PNG/19_Function_Button/Button_Line/line_Black/btn_line_black_music_2.png using Guid(07195ae07c3d1407681155cf4559582f) Importer(815301076,1909f56bfc062723c751e8b465ee728b)  -> (artifact id: '963b87beadb2f2543e3cb91e53ff9a3e') in 0.097564 seconds 
========================================================================
Received Import Request.
  Time since last request: 0.000036 seconds.
  path: Assets/Resources/Sprites/StoreItemPreview/body_29.png
  artifactKey: Guid(d4ff0e727fe3c654d88e3697f6933532) Importer(815301076,1909f56bfc062723c751e8b465ee728b)
Start importing Assets/Resources/Sprites/StoreItemPreview/body_29.png using Guid(d4ff0e727fe3c654d88e3697f6933532) Importer(815301076,1909f56bfc062723c751e8b465ee728b)  -> (artifact id: '6a03898b77ad703984181bcabd551667') in 0.091604 seconds 
========================================================================
Received Import Request.
  Time since last request: 0.000035 seconds.
  path: Assets/GUI Kit Mono Round/_PNG/19_Function_Button/Button_Line/line_Black/btn_line_black_notification_off.png
  artifactKey: Guid(aa59fd531ce30445192d342e083de927) Importer(815301076,1909f56bfc062723c751e8b465ee728b)
Start importing Assets/GUI Kit Mono Round/_PNG/19_Function_Button/Button_Line/line_Black/btn_line_black_notification_off.png using Guid(aa59fd531ce30445192d342e083de927) Importer(815301076,1909f56bfc062723c751e8b465ee728b)  -> (artifact id: '8875c19747a4679fe4708e8fd5c912d4') in 0.061877 seconds 
========================================================================
Received Import Request.
  Time since last request: 0.000035 seconds.
  path: Assets/gui_flat_light/Elements/icons/bin.png
  artifactKey: Guid(a6f04a1726e64ea4e937e057d06ce3e6) Importer(815301076,1909f56bfc062723c751e8b465ee728b)
Start importing Assets/gui_flat_light/Elements/icons/bin.png using Guid(a6f04a1726e64ea4e937e057d06ce3e6) Importer(815301076,1909f56bfc062723c751e8b465ee728b)  -> (artifact id: '68d39dd7b8035e89729566555cd48327') in 0.139561 seconds 
========================================================================
Received Import Request.
  Time since last request: 0.000033 seconds.
  path: Assets/GUI Kit Mono Round/_PNG/19_Function_Button/Button_Line/line_White/btn_line_white_sign_minus.png
  artifactKey: Guid(270d98d375aef47baac86b9d9d37092e) Importer(815301076,1909f56bfc062723c751e8b465ee728b)
Start importing Assets/GUI Kit Mono Round/_PNG/19_Function_Button/Button_Line/line_White/btn_line_white_sign_minus.png using Guid(270d98d375aef47baac86b9d9d37092e) Importer(815301076,1909f56bfc062723c751e8b465ee728b)  -> (artifact id: 'b67da8b6f8c6a0b374b7ff5afa8c405b') in 0.073504 seconds 
========================================================================
Received Import Request.
  Time since last request: 0.000036 seconds.
  path: Assets/GUI Kit Mono Round/_PNG/19_Function_Button/Button_Line/line_Black/btn_line_black_setting_1.png
  artifactKey: Guid(c9e0fd5e25d1a41eeaf937d53b208ad8) Importer(815301076,1909f56bfc062723c751e8b465ee728b)
Start importing Assets/GUI Kit Mono Round/_PNG/19_Function_Button/Button_Line/line_Black/btn_line_black_setting_1.png using Guid(c9e0fd5e25d1a41eeaf937d53b208ad8) Importer(815301076,1909f56bfc062723c751e8b465ee728b)  -> (artifact id: '58c758db530b2d2e761be8b840224076') in 0.065424 seconds 
========================================================================
Received Import Request.
  Time since last request: 0.000044 seconds.
  path: Assets/Resources/Sprites/StoreItemPreview/body_2.png
  artifactKey: Guid(01817a5b4b8bf7f40b26c78e81869336) Importer(815301076,1909f56bfc062723c751e8b465ee728b)
Start importing Assets/Resources/Sprites/StoreItemPreview/body_2.png using Guid(01817a5b4b8bf7f40b26c78e81869336) Importer(815301076,1909f56bfc062723c751e8b465ee728b)  -> (artifact id: '0a86377515d02d808378a20a4d3568eb') in 0.098433 seconds 
========================================================================
Received Import Request.
  Time since last request: 0.000034 seconds.
  path: Assets/GUI Kit Mono Round/_PNG/17_Components/check_square_off.png
  artifactKey: Guid(bc99a68efe5c54adfafcfd734233692e) Importer(815301076,1909f56bfc062723c751e8b465ee728b)
Start importing Assets/GUI Kit Mono Round/_PNG/17_Components/check_square_off.png using Guid(bc99a68efe5c54adfafcfd734233692e) Importer(815301076,1909f56bfc062723c751e8b465ee728b)  -> (artifact id: '55b28ac880776808c57ceae2128ac77e') in 0.104341 seconds 
========================================================================
Received Import Request.
  Time since last request: 0.000036 seconds.
  path: Assets/GUI Kit Mono Round/_PNG/19_Function_Button/Button_Line/line_White/btn_line_white_battle.png
  artifactKey: Guid(919a5bde5da6e4ef199747d9655da97d) Importer(815301076,1909f56bfc062723c751e8b465ee728b)
Start importing Assets/GUI Kit Mono Round/_PNG/19_Function_Button/Button_Line/line_White/btn_line_white_battle.png using Guid(919a5bde5da6e4ef199747d9655da97d) Importer(815301076,1909f56bfc062723c751e8b465ee728b)  -> (artifact id: '7b393e1600d7bf95c8b8637c8d95e1fb') in 0.066218 seconds 
========================================================================
Received Import Request.
  Time since last request: 0.000049 seconds.
  path: Assets/GUI Kit Mono Round/_PNG/19_Function_Button/Button_Line/line_Black/btn_line_black_arrow_down.png
  artifactKey: Guid(104bb953ee4ae4894b78f2ac178b294e) Importer(815301076,1909f56bfc062723c751e8b465ee728b)
Start importing Assets/GUI Kit Mono Round/_PNG/19_Function_Button/Button_Line/line_Black/btn_line_black_arrow_down.png using Guid(104bb953ee4ae4894b78f2ac178b294e) Importer(815301076,1909f56bfc062723c751e8b465ee728b)  -> (artifact id: '4a8d6a6a04269245e6b1f19d1034ed0d') in 0.074134 seconds 
========================================================================
Received Import Request.
  Time since last request: 312.303714 seconds.
  path: Assets/Scenes/Scenes_Catherisation_Supertubular_In_House.unity
  artifactKey: Guid(63333ae4917ef994cb01be72ad1324b9) Importer(815301076,1909f56bfc062723c751e8b465ee728b)
Start importing Assets/Scenes/Scenes_Catherisation_Supertubular_In_House.unity using Guid(63333ae4917ef994cb01be72ad1324b9) Importer(815301076,1909f56bfc062723c751e8b465ee728b)  -> (artifact id: '1143420c7ce230798476191be2553c69') in 0.008549 seconds 
========================================================================
Received Import Request.
  Time since last request: 266.233036 seconds.
  path: Assets/Scenes/Scenes_Catherisation_Women_In_House.unity
  artifactKey: Guid(875f334cb069d9b47a710635c9351e97) Importer(815301076,1909f56bfc062723c751e8b465ee728b)
Start importing Assets/Scenes/Scenes_Catherisation_Women_In_House.unity using Guid(875f334cb069d9b47a710635c9351e97) Importer(815301076,1909f56bfc062723c751e8b465ee728b)  -> (artifact id: 'e50f702af99630e88f6adc698b621774') in 0.020146 seconds 
========================================================================
Received Prepare
Registering precompiled user dll's ...
Registered in 0.016242 seconds.
Begin MonoManager ReloadAssembly
Native extension for WindowsStandalone target not found
Native extension for Android target not found
Native extension for WebGL target not found
Refreshing native plugins compatible for Editor in 3.03 ms, found 3 plugins.
Preloading 1 native plugins for Editor in 0.08 ms.
Mono: successfully reloaded assembly
- Completed reload, in  2.753 seconds
Domain Reload Profiling:
	ReloadAssembly (2755ms)
		BeginReloadAssembly (346ms)
			ExecutionOrderSort (0ms)
			DisableScriptedObjects (13ms)
			BackupInstance (0ms)
			ReleaseScriptingObjects (0ms)
			CreateAndSetChildDomain (61ms)
		EndReloadAssembly (2152ms)
			LoadAssemblies (226ms)
			RebuildTransferFunctionScriptingTraits (0ms)
			SetupTypeCache (561ms)
			ReleaseScriptCaches (3ms)
			RebuildScriptCaches (94ms)
			SetupLoadedEditorAssemblies (1004ms)
				LogAssemblyErrors (0ms)
				InitializePlatformSupportModulesInManaged (51ms)
				SetLoadedEditorAssemblies (1ms)
				RefreshPlugins (3ms)
				BeforeProcessingInitializeOnLoad (173ms)
				ProcessInitializeOnLoadAttributes (529ms)
				ProcessInitializeOnLoadMethodAttributes (225ms)
				AfterProcessingInitializeOnLoad (21ms)
				EditorAssembliesLoaded (0ms)
			ExecutionOrderSort2 (0ms)
			AwakeInstancesAfterBackupRestoration (98ms)
Platform modules already initialized, skipping
Refreshing native plugins compatible for Editor in 10.54 ms, found 3 plugins.
Preloading 1 native plugins for Editor in 0.06 ms.
Unloading 4077 Unused Serialized files (Serialized files now loaded: 0)
Unloading 74 unused Assets / (0.8 MB). Loaded Objects now: 5316.
Memory consumption went from 190.1 MB to 189.4 MB.
Total: 20.920500 ms (FindLiveObjects: 0.473300 ms CreateObjectMapping: 0.180600 ms MarkObjects: 19.434800 ms  DeleteObjects: 0.828800 ms)

AssetImportParameters requested are different than current active one (requested -> active):
  custom:video-decoder-ogg-theora: a1e56fd34408186e4bbccfd4996cb3dc -> 
  custom:container-muxer-webm: aa71ff27fc2769a1b78a27578f13a17b -> 
  custom:container-demuxer-webm: 4f35f7cbe854078d1ac9338744f61a02 -> 
  custom:video-encoder-webm-vp8: eb34c28f22e8b96e1ab97ce403110664 -> 
  custom:video-codec-MediaFoundation-h265: 746d11721c4dcdbdad8f713fa42b33f4 -> 
  custom:audio-encoder-webm-vorbis: bf7c407c2cedff20999df2af8eb42d56 -> 
  custom:framework-win-MediaFoundation: 216162199b28c13a410421893ffa2e32 -> 
  custom:container-demuxer-ogg: 62fdf1f143b41e24485cea50d1cbac27 -> 
  custom:video-decoder-webm-vp8: 9c59270c3fd7afecdb556c50c9e8de78 -> 
  custom:audio-decoder-ogg-vorbis: bf7c407c2cedff20999df2af8eb42d56 -> 
========================================================================
Received Import Request.
  Time since last request: 866.345046 seconds.
  path: Assets/Scenes/Scenes_Catherisation_Supertubular_In_House.unity
  artifactKey: Guid(63333ae4917ef994cb01be72ad1324b9) Importer(815301076,1909f56bfc062723c751e8b465ee728b)
Start importing Assets/Scenes/Scenes_Catherisation_Supertubular_In_House.unity using Guid(63333ae4917ef994cb01be72ad1324b9) Importer(815301076,1909f56bfc062723c751e8b465ee728b)  -> (artifact id: 'a23f1559ead0cbe3f13c7404214bb3be') in 0.014585 seconds 
========================================================================
Received Import Request.
  Time since last request: 19.110041 seconds.
  path: Assets/Scenes/Scenes_Catherisation_Supertubular_In_House.unity
  artifactKey: Guid(63333ae4917ef994cb01be72ad1324b9) Importer(815301076,1909f56bfc062723c751e8b465ee728b)
Start importing Assets/Scenes/Scenes_Catherisation_Supertubular_In_House.unity using Guid(63333ae4917ef994cb01be72ad1324b9) Importer(815301076,1909f56bfc062723c751e8b465ee728b)  -> (artifact id: '34a7a9287cf6cff45463126f762facd0') in 0.002994 seconds 
========================================================================
Received Import Request.
  Time since last request: 17.716720 seconds.
  path: Assets/Scenes/Scene_Medication_Preparation_Dissolve_In_House.unity
  artifactKey: Guid(5d95ae47ec681d94988e9d99d6f3579e) Importer(815301076,1909f56bfc062723c751e8b465ee728b)
Start importing Assets/Scenes/Scene_Medication_Preparation_Dissolve_In_House.unity using Guid(5d95ae47ec681d94988e9d99d6f3579e) Importer(815301076,1909f56bfc062723c751e8b465ee728b)  -> (artifact id: '255574d608c56c24e6e9040edc425776') in 0.026228 seconds 
========================================================================
Received Import Request.
  Time since last request: 122.628928 seconds.
  path: Assets/Scenes/Injection Subcutaneous_ampoule.unity
  artifactKey: Guid(6dacce44a40b45e4eb5cdd164d7060e8) Importer(815301076,1909f56bfc062723c751e8b465ee728b)
Start importing Assets/Scenes/Injection Subcutaneous_ampoule.unity using Guid(6dacce44a40b45e4eb5cdd164d7060e8) Importer(815301076,1909f56bfc062723c751e8b465ee728b)  -> (artifact id: 'bc9c932c22433dfc00b2184f81431c79') in 0.015637 seconds 
========================================================================
Received Import Request.
  Time since last request: 2.941842 seconds.
  path: Assets/Scenes/Injection_In_House.unity
  artifactKey: Guid(2759e8b248e13b04485b279e4c693069) Importer(815301076,1909f56bfc062723c751e8b465ee728b)
Start importing Assets/Scenes/Injection_In_House.unity using Guid(2759e8b248e13b04485b279e4c693069) Importer(815301076,1909f56bfc062723c751e8b465ee728b)  -> (artifact id: 'd04b25aa165cc746e9c184c04ab4678e') in 0.024808 seconds 
========================================================================
Received Import Request.
  Time since last request: 16.242827 seconds.
  path: Assets/Scenes/Insulin Injection_In_House.unity
  artifactKey: Guid(1a106e769f87c284da43dd096b2f0e0a) Importer(815301076,1909f56bfc062723c751e8b465ee728b)
Start importing Assets/Scenes/Insulin Injection_In_House.unity using Guid(1a106e769f87c284da43dd096b2f0e0a) Importer(815301076,1909f56bfc062723c751e8b465ee728b)  -> (artifact id: 'c0f10cf9733959e9c53b2a6384b0eb01') in 0.024907 seconds 
========================================================================
Received Import Request.
  Time since last request: 7.858422 seconds.
  path: Assets/Scenes/Scene_Insert_Infusion_In_House.unity
  artifactKey: Guid(158d3c375a9b24e4ab06a89edfcbbe58) Importer(815301076,1909f56bfc062723c751e8b465ee728b)
Start importing Assets/Scenes/Scene_Insert_Infusion_In_House.unity using Guid(158d3c375a9b24e4ab06a89edfcbbe58) Importer(815301076,1909f56bfc062723c751e8b465ee728b)  -> (artifact id: '3cfe6e557318a6ee361a3e56f340de6e') in 0.009391 seconds 
========================================================================
Received Import Request.
  Time since last request: 63.821827 seconds.
  path: Assets/Scenes/Scenes_bladder_irrigation_through_catheter_In_House.unity
  artifactKey: Guid(bd573f9dd60c3e840a9d78e1b66c4893) Importer(815301076,1909f56bfc062723c751e8b465ee728b)
Start importing Assets/Scenes/Scenes_bladder_irrigation_through_catheter_In_House.unity using Guid(bd573f9dd60c3e840a9d78e1b66c4893) Importer(815301076,1909f56bfc062723c751e8b465ee728b)  -> (artifact id: 'c8dee7195817b7d5f0a087547e426624') in 0.009867 seconds 
========================================================================
Received Import Request.
  Time since last request: 16.852265 seconds.
  path: Assets/Scenes/Scenes_CleaningTracheaInnerCannula_In_House.unity
  artifactKey: Guid(cbb905ddbbada4948be3140efcddf70d) Importer(815301076,1909f56bfc062723c751e8b465ee728b)
Start importing Assets/Scenes/Scenes_CleaningTracheaInnerCannula_In_House.unity using Guid(cbb905ddbbada4948be3140efcddf70d) Importer(815301076,1909f56bfc062723c751e8b465ee728b)  -> (artifact id: 'f74b1b7f66f4dbdf40d1915fe4b25665') in 0.012477 seconds 
========================================================================
Received Import Request.
  Time since last request: 8.365936 seconds.
  path: Assets/Scenes/Scenes_FeedingWithPump_In_House.unity
  artifactKey: Guid(f78d424bc60d52a40bd04d13168cea4d) Importer(815301076,1909f56bfc062723c751e8b465ee728b)
Start importing Assets/Scenes/Scenes_FeedingWithPump_In_House.unity using Guid(f78d424bc60d52a40bd04d13168cea4d) Importer(815301076,1909f56bfc062723c751e8b465ee728b)  -> (artifact id: '7c72b3ae7dfe369a3bf72ce834aa92b6') in 0.002797 seconds 
========================================================================
Received Import Request.
  Time since last request: 19.537645 seconds.
  path: Assets/Scenes/Scenes_Medicine_Cheek_Pouch_In_House.unity
  artifactKey: Guid(b284fcbeab0213d459ec38a70c91b220) Importer(815301076,1909f56bfc062723c751e8b465ee728b)
Start importing Assets/Scenes/Scenes_Medicine_Cheek_Pouch_In_House.unity using Guid(b284fcbeab0213d459ec38a70c91b220) Importer(815301076,1909f56bfc062723c751e8b465ee728b)  -> (artifact id: '49e0d8af8b329f4f44022702c24864bb') in 0.021373 seconds 
========================================================================
Received Import Request.
  Time since last request: 9.250447 seconds.
  path: Assets/Scenes/Scenes_Ostomy_Care_InHouse.unity
  artifactKey: Guid(53c37c907ce7f214a80bf233bba150bc) Importer(815301076,1909f56bfc062723c751e8b465ee728b)
Start importing Assets/Scenes/Scenes_Ostomy_Care_InHouse.unity using Guid(53c37c907ce7f214a80bf233bba150bc) Importer(815301076,1909f56bfc062723c751e8b465ee728b)  -> (artifact id: '1cdbd30756e0c24869c30bcbc80be826') in 0.028253 seconds 
========================================================================
Received Import Request.
  Time since last request: 14.700341 seconds.
  path: Assets/Scenes/Scenes_Ostomy_Care_One_Part_System_In_House.unity
  artifactKey: Guid(37d89abd096e2214385257621f1d2dfc) Importer(815301076,1909f56bfc062723c751e8b465ee728b)
Start importing Assets/Scenes/Scenes_Ostomy_Care_One_Part_System_In_House.unity using Guid(37d89abd096e2214385257621f1d2dfc) Importer(815301076,1909f56bfc062723c751e8b465ee728b)  -> (artifact id: 'bb8a4e7c9c70a167e8b14fb90509620b') in 0.017762 seconds 
